Performing C SOURCE FILE Test OpenMP_FLAG_DETECTED failed with the following output:
Change Dir: /Users/ewart/Desktop/vli/build/CMakeFiles/CMakeTmp

Run Build Command:/usr/bin/make "cmTryCompileExec1846937329/fast"
/Applications/Xcode.app/Contents/Developer/usr/bin/make -f CMakeFiles/cmTryCompileExec1846937329.dir/build.make CMakeFiles/cmTryCompileExec1846937329.dir/build
/usr/local/cmake/2.8.12/bin/cmake -E cmake_progress_report /Users/ewart/Desktop/vli/build/CMakeFiles/CMakeTmp/CMakeFiles 1
Building C object CMakeFiles/cmTryCompileExec1846937329.dir/src.c.o
/usr/bin/cc   -DOpenMP_FLAG_DETECTED -isysroot /Applications/Xcode.app/Contents/Developer/Platforms/MacOSX.platform/Developer/SDKs/MacOSX10.10.sdk   -o CMakeFiles/cmTryCompileExec1846937329.dir/src.c.o   -c /Users/ewart/Desktop/vli/build/CMakeFiles/CMakeTmp/src.c
/Users/ewart/Desktop/vli/build/CMakeFiles/CMakeTmp/src.c:2:10: fatal error: 'omp.h' file not found
#include <omp.h>
         ^
1 error generated.
make[1]: *** [CMakeFiles/cmTryCompileExec1846937329.dir/src.c.o] Error 1
make: *** [cmTryCompileExec1846937329/fast] Error 2

Source file was:

#include <omp.h>
int main() {
#ifdef _OPENMP
  return 0;
#else
  breaks_on_purpose
#endif
}

Performing C SOURCE FILE Test OpenMP_FLAG_DETECTED failed with the following output:
Change Dir: /Users/ewart/Desktop/vli/build/CMakeFiles/CMakeTmp

Run Build Command:/usr/bin/make "cmTryCompileExec225227582/fast"
/Applications/Xcode.app/Contents/Developer/usr/bin/make -f CMakeFiles/cmTryCompileExec225227582.dir/build.make CMakeFiles/cmTryCompileExec225227582.dir/build
/usr/local/cmake/2.8.12/bin/cmake -E cmake_progress_report /Users/ewart/Desktop/vli/build/CMakeFiles/CMakeTmp/CMakeFiles 1
Building C object CMakeFiles/cmTryCompileExec225227582.dir/src.c.o
/usr/bin/cc   -DOpenMP_FLAG_DETECTED -fopenmp -isysroot /Applications/Xcode.app/Contents/Developer/Platforms/MacOSX.platform/Developer/SDKs/MacOSX10.10.sdk   -o CMakeFiles/cmTryCompileExec225227582.dir/src.c.o   -c /Users/ewart/Desktop/vli/build/CMakeFiles/CMakeTmp/src.c
clang: warning: argument unused during compilation: '-fopenmp'
/Users/ewart/Desktop/vli/build/CMakeFiles/CMakeTmp/src.c:2:10: fatal error: 'omp.h' file not found
#include <omp.h>
         ^
1 error generated.
make[1]: *** [CMakeFiles/cmTryCompileExec225227582.dir/src.c.o] Error 1
make: *** [cmTryCompileExec225227582/fast] Error 2

Source file was:

#include <omp.h>
int main() {
#ifdef _OPENMP
  return 0;
#else
  breaks_on_purpose
#endif
}

Performing C SOURCE FILE Test OpenMP_FLAG_DETECTED failed with the following output:
Change Dir: /Users/ewart/Desktop/vli/build/CMakeFiles/CMakeTmp

Run Build Command:/usr/bin/make "cmTryCompileExec1628568482/fast"
/Applications/Xcode.app/Contents/Developer/usr/bin/make -f CMakeFiles/cmTryCompileExec1628568482.dir/build.make CMakeFiles/cmTryCompileExec1628568482.dir/build
/usr/local/cmake/2.8.12/bin/cmake -E cmake_progress_report /Users/ewart/Desktop/vli/build/CMakeFiles/CMakeTmp/CMakeFiles 1
Building C object CMakeFiles/cmTryCompileExec1628568482.dir/src.c.o
/usr/bin/cc   -DOpenMP_FLAG_DETECTED /openmp -isysroot /Applications/Xcode.app/Contents/Developer/Platforms/MacOSX.platform/Developer/SDKs/MacOSX10.10.sdk   -o CMakeFiles/cmTryCompileExec1628568482.dir/src.c.o   -c /Users/ewart/Desktop/vli/build/CMakeFiles/CMakeTmp/src.c
clang: error: no such file or directory: '/openmp'
make[1]: *** [CMakeFiles/cmTryCompileExec1628568482.dir/src.c.o] Error 1
make: *** [cmTryCompileExec1628568482/fast] Error 2

Source file was:

#include <omp.h>
int main() {
#ifdef _OPENMP
  return 0;
#else
  breaks_on_purpose
#endif
}

Performing C SOURCE FILE Test OpenMP_FLAG_DETECTED failed with the following output:
Change Dir: /Users/ewart/Desktop/vli/build/CMakeFiles/CMakeTmp

Run Build Command:/usr/bin/make "cmTryCompileExec2585296221/fast"
/Applications/Xcode.app/Contents/Developer/usr/bin/make -f CMakeFiles/cmTryCompileExec2585296221.dir/build.make CMakeFiles/cmTryCompileExec2585296221.dir/build
/usr/local/cmake/2.8.12/bin/cmake -E cmake_progress_report /Users/ewart/Desktop/vli/build/CMakeFiles/CMakeTmp/CMakeFiles 1
Building C object CMakeFiles/cmTryCompileExec2585296221.dir/src.c.o
/usr/bin/cc   -DOpenMP_FLAG_DETECTED -Qopenmp -isysroot /Applications/Xcode.app/Contents/Developer/Platforms/MacOSX.platform/Developer/SDKs/MacOSX10.10.sdk   -o CMakeFiles/cmTryCompileExec2585296221.dir/src.c.o   -c /Users/ewart/Desktop/vli/build/CMakeFiles/CMakeTmp/src.c
clang: error: unknown argument: '-Qopenmp'
make[1]: *** [CMakeFiles/cmTryCompileExec2585296221.dir/src.c.o] Error 1
make: *** [cmTryCompileExec2585296221/fast] Error 2

Source file was:

#include <omp.h>
int main() {
#ifdef _OPENMP
  return 0;
#else
  breaks_on_purpose
#endif
}

Performing C SOURCE FILE Test OpenMP_FLAG_DETECTED failed with the following output:
Change Dir: /Users/ewart/Desktop/vli/build/CMakeFiles/CMakeTmp

Run Build Command:/usr/bin/make "cmTryCompileExec1804650350/fast"
/Applications/Xcode.app/Contents/Developer/usr/bin/make -f CMakeFiles/cmTryCompileExec1804650350.dir/build.make CMakeFiles/cmTryCompileExec1804650350.dir/build
/usr/local/cmake/2.8.12/bin/cmake -E cmake_progress_report /Users/ewart/Desktop/vli/build/CMakeFiles/CMakeTmp/CMakeFiles 1
Building C object CMakeFiles/cmTryCompileExec1804650350.dir/src.c.o
/usr/bin/cc   -DOpenMP_FLAG_DETECTED -openmp -isysroot /Applications/Xcode.app/Contents/Developer/Platforms/MacOSX.platform/Developer/SDKs/MacOSX10.10.sdk   -o CMakeFiles/cmTryCompileExec1804650350.dir/src.c.o   -c /Users/ewart/Desktop/vli/build/CMakeFiles/CMakeTmp/src.c
/Users/ewart/Desktop/vli/build/CMakeFiles/CMakeTmp/src.c:2:10: fatal error: 'omp.h' file not found
#include <omp.h>
         ^
1 error generated.
make[1]: *** [CMakeFiles/cmTryCompileExec1804650350.dir/src.c.o] Error 1
make: *** [cmTryCompileExec1804650350/fast] Error 2

Source file was:

#include <omp.h>
int main() {
#ifdef _OPENMP
  return 0;
#else
  breaks_on_purpose
#endif
}

Performing C SOURCE FILE Test OpenMP_FLAG_DETECTED failed with the following output:
Change Dir: /Users/ewart/Desktop/vli/build/CMakeFiles/CMakeTmp

Run Build Command:/usr/bin/make "cmTryCompileExec1585626247/fast"
/Applications/Xcode.app/Contents/Developer/usr/bin/make -f CMakeFiles/cmTryCompileExec1585626247.dir/build.make CMakeFiles/cmTryCompileExec1585626247.dir/build
/usr/local/cmake/2.8.12/bin/cmake -E cmake_progress_report /Users/ewart/Desktop/vli/build/CMakeFiles/CMakeTmp/CMakeFiles 1
Building C object CMakeFiles/cmTryCompileExec1585626247.dir/src.c.o
/usr/bin/cc   -DOpenMP_FLAG_DETECTED -xopenmp -isysroot /Applications/Xcode.app/Contents/Developer/Platforms/MacOSX.platform/Developer/SDKs/MacOSX10.10.sdk   -o CMakeFiles/cmTryCompileExec1585626247.dir/src.c.o   -c /Users/ewart/Desktop/vli/build/CMakeFiles/CMakeTmp/src.c
clang: error: language not recognized: 'openmp'
clang: warning: /Users/ewart/Desktop/vli/build/CMakeFiles/CMakeTmp/src.c: 'linker' input unused
make[1]: *** [CMakeFiles/cmTryCompileExec1585626247.dir/src.c.o] Error 1
make: *** [cmTryCompileExec1585626247/fast] Error 2

Source file was:

#include <omp.h>
int main() {
#ifdef _OPENMP
  return 0;
#else
  breaks_on_purpose
#endif
}

Performing C SOURCE FILE Test OpenMP_FLAG_DETECTED failed with the following output:
Change Dir: /Users/ewart/Desktop/vli/build/CMakeFiles/CMakeTmp

Run Build Command:/usr/bin/make "cmTryCompileExec1134015333/fast"
/Applications/Xcode.app/Contents/Developer/usr/bin/make -f CMakeFiles/cmTryCompileExec1134015333.dir/build.make CMakeFiles/cmTryCompileExec1134015333.dir/build
/usr/local/cmake/2.8.12/bin/cmake -E cmake_progress_report /Users/ewart/Desktop/vli/build/CMakeFiles/CMakeTmp/CMakeFiles 1
Building C object CMakeFiles/cmTryCompileExec1134015333.dir/src.c.o
/usr/bin/cc   -DOpenMP_FLAG_DETECTED +Oopenmp -isysroot /Applications/Xcode.app/Contents/Developer/Platforms/MacOSX.platform/Developer/SDKs/MacOSX10.10.sdk   -o CMakeFiles/cmTryCompileExec1134015333.dir/src.c.o   -c /Users/ewart/Desktop/vli/build/CMakeFiles/CMakeTmp/src.c
clang: error: no such file or directory: '+Oopenmp'
make[1]: *** [CMakeFiles/cmTryCompileExec1134015333.dir/src.c.o] Error 1
make: *** [cmTryCompileExec1134015333/fast] Error 2

Source file was:

#include <omp.h>
int main() {
#ifdef _OPENMP
  return 0;
#else
  breaks_on_purpose
#endif
}

Performing C SOURCE FILE Test OpenMP_FLAG_DETECTED failed with the following output:
Change Dir: /Users/ewart/Desktop/vli/build/CMakeFiles/CMakeTmp

Run Build Command:/usr/bin/make "cmTryCompileExec2627351588/fast"
/Applications/Xcode.app/Contents/Developer/usr/bin/make -f CMakeFiles/cmTryCompileExec2627351588.dir/build.make CMakeFiles/cmTryCompileExec2627351588.dir/build
/usr/local/cmake/2.8.12/bin/cmake -E cmake_progress_report /Users/ewart/Desktop/vli/build/CMakeFiles/CMakeTmp/CMakeFiles 1
Building C object CMakeFiles/cmTryCompileExec2627351588.dir/src.c.o
/usr/bin/cc   -DOpenMP_FLAG_DETECTED -qsmp -isysroot /Applications/Xcode.app/Contents/Developer/Platforms/MacOSX.platform/Developer/SDKs/MacOSX10.10.sdk   -o CMakeFiles/cmTryCompileExec2627351588.dir/src.c.o   -c /Users/ewart/Desktop/vli/build/CMakeFiles/CMakeTmp/src.c
clang: error: unknown argument: '-qsmp'
make[1]: *** [CMakeFiles/cmTryCompileExec2627351588.dir/src.c.o] Error 1
make: *** [cmTryCompileExec2627351588/fast] Error 2

Source file was:

#include <omp.h>
int main() {
#ifdef _OPENMP
  return 0;
#else
  breaks_on_purpose
#endif
}

Performing C SOURCE FILE Test OpenMP_FLAG_DETECTED failed with the following output:
Change Dir: /Users/ewart/Desktop/vli/build/CMakeFiles/CMakeTmp

Run Build Command:/usr/bin/make "cmTryCompileExec3841228100/fast"
/Applications/Xcode.app/Contents/Developer/usr/bin/make -f CMakeFiles/cmTryCompileExec3841228100.dir/build.make CMakeFiles/cmTryCompileExec3841228100.dir/build
/usr/local/cmake/2.8.12/bin/cmake -E cmake_progress_report /Users/ewart/Desktop/vli/build/CMakeFiles/CMakeTmp/CMakeFiles 1
Building C object CMakeFiles/cmTryCompileExec3841228100.dir/src.c.o
/usr/bin/cc   -DOpenMP_FLAG_DETECTED -mp -isysroot /Applications/Xcode.app/Contents/Developer/Platforms/MacOSX.platform/Developer/SDKs/MacOSX10.10.sdk   -o CMakeFiles/cmTryCompileExec3841228100.dir/src.c.o   -c /Users/ewart/Desktop/vli/build/CMakeFiles/CMakeTmp/src.c
clang: error: unknown argument: '-mp'
make[1]: *** [CMakeFiles/cmTryCompileExec3841228100.dir/src.c.o] Error 1
make: *** [cmTryCompileExec3841228100/fast] Error 2

Source file was:

#include <omp.h>
int main() {
#ifdef _OPENMP
  return 0;
#else
  breaks_on_purpose
#endif
}

Performing C++ SOURCE FILE Test OpenMP_FLAG_DETECTED failed with the following output:
Change Dir: /Users/ewart/Desktop/vli/build/CMakeFiles/CMakeTmp

Run Build Command:/usr/bin/make "cmTryCompileExec1112339886/fast"
/Applications/Xcode.app/Contents/Developer/usr/bin/make -f CMakeFiles/cmTryCompileExec1112339886.dir/build.make CMakeFiles/cmTryCompileExec1112339886.dir/build
/usr/local/cmake/2.8.12/bin/cmake -E cmake_progress_report /Users/ewart/Desktop/vli/build/CMakeFiles/CMakeTmp/CMakeFiles 1
Building CXX object CMakeFiles/cmTryCompileExec1112339886.dir/src.cxx.o
/usr/bin/c++    -DOpenMP_FLAG_DETECTED -isysroot /Applications/Xcode.app/Contents/Developer/Platforms/MacOSX.platform/Developer/SDKs/MacOSX10.10.sdk   -o CMakeFiles/cmTryCompileExec1112339886.dir/src.cxx.o -c /Users/ewart/Desktop/vli/build/CMakeFiles/CMakeTmp/src.cxx
/Users/ewart/Desktop/vli/build/CMakeFiles/CMakeTmp/src.cxx:2:10: fatal error: 'omp.h' file not found
#include <omp.h>
         ^
1 error generated.
make[1]: *** [CMakeFiles/cmTryCompileExec1112339886.dir/src.cxx.o] Error 1
make: *** [cmTryCompileExec1112339886/fast] Error 2

Source file was:

#include <omp.h>
int main() {
#ifdef _OPENMP
  return 0;
#else
  breaks_on_purpose
#endif
}

Performing C++ SOURCE FILE Test OpenMP_FLAG_DETECTED failed with the following output:
Change Dir: /Users/ewart/Desktop/vli/build/CMakeFiles/CMakeTmp

Run Build Command:/usr/bin/make "cmTryCompileExec2529499774/fast"
/Applications/Xcode.app/Contents/Developer/usr/bin/make -f CMakeFiles/cmTryCompileExec2529499774.dir/build.make CMakeFiles/cmTryCompileExec2529499774.dir/build
/usr/local/cmake/2.8.12/bin/cmake -E cmake_progress_report /Users/ewart/Desktop/vli/build/CMakeFiles/CMakeTmp/CMakeFiles 1
Building CXX object CMakeFiles/cmTryCompileExec2529499774.dir/src.cxx.o
/usr/bin/c++    -DOpenMP_FLAG_DETECTED -fopenmp -isysroot /Applications/Xcode.app/Contents/Developer/Platforms/MacOSX.platform/Developer/SDKs/MacOSX10.10.sdk   -o CMakeFiles/cmTryCompileExec2529499774.dir/src.cxx.o -c /Users/ewart/Desktop/vli/build/CMakeFiles/CMakeTmp/src.cxx
clang: warning: argument unused during compilation: '-fopenmp'
/Users/ewart/Desktop/vli/build/CMakeFiles/CMakeTmp/src.cxx:2:10: fatal error: 'omp.h' file not found
#include <omp.h>
         ^
1 error generated.
make[1]: *** [CMakeFiles/cmTryCompileExec2529499774.dir/src.cxx.o] Error 1
make: *** [cmTryCompileExec2529499774/fast] Error 2

Source file was:

#include <omp.h>
int main() {
#ifdef _OPENMP
  return 0;
#else
  breaks_on_purpose
#endif
}

Performing C++ SOURCE FILE Test OpenMP_FLAG_DETECTED failed with the following output:
Change Dir: /Users/ewart/Desktop/vli/build/CMakeFiles/CMakeTmp

Run Build Command:/usr/bin/make "cmTryCompileExec2054393088/fast"
/Applications/Xcode.app/Contents/Developer/usr/bin/make -f CMakeFiles/cmTryCompileExec2054393088.dir/build.make CMakeFiles/cmTryCompileExec2054393088.dir/build
/usr/local/cmake/2.8.12/bin/cmake -E cmake_progress_report /Users/ewart/Desktop/vli/build/CMakeFiles/CMakeTmp/CMakeFiles 1
Building CXX object CMakeFiles/cmTryCompileExec2054393088.dir/src.cxx.o
/usr/bin/c++    -DOpenMP_FLAG_DETECTED /openmp -isysroot /Applications/Xcode.app/Contents/Developer/Platforms/MacOSX.platform/Developer/SDKs/MacOSX10.10.sdk   -o CMakeFiles/cmTryCompileExec2054393088.dir/src.cxx.o -c /Users/ewart/Desktop/vli/build/CMakeFiles/CMakeTmp/src.cxx
clang: error: no such file or directory: '/openmp'
make[1]: *** [CMakeFiles/cmTryCompileExec2054393088.dir/src.cxx.o] Error 1
make: *** [cmTryCompileExec2054393088/fast] Error 2

Source file was:

#include <omp.h>
int main() {
#ifdef _OPENMP
  return 0;
#else
  breaks_on_purpose
#endif
}

Performing C++ SOURCE FILE Test OpenMP_FLAG_DETECTED failed with the following output:
Change Dir: /Users/ewart/Desktop/vli/build/CMakeFiles/CMakeTmp

Run Build Command:/usr/bin/make "cmTryCompileExec2745725479/fast"
/Applications/Xcode.app/Contents/Developer/usr/bin/make -f CMakeFiles/cmTryCompileExec2745725479.dir/build.make CMakeFiles/cmTryCompileExec2745725479.dir/build
/usr/local/cmake/2.8.12/bin/cmake -E cmake_progress_report /Users/ewart/Desktop/vli/build/CMakeFiles/CMakeTmp/CMakeFiles 1
Building CXX object CMakeFiles/cmTryCompileExec2745725479.dir/src.cxx.o
/usr/bin/c++    -DOpenMP_FLAG_DETECTED -Qopenmp -isysroot /Applications/Xcode.app/Contents/Developer/Platforms/MacOSX.platform/Developer/SDKs/MacOSX10.10.sdk   -o CMakeFiles/cmTryCompileExec2745725479.dir/src.cxx.o -c /Users/ewart/Desktop/vli/build/CMakeFiles/CMakeTmp/src.cxx
clang: error: unknown argument: '-Qopenmp'
make[1]: *** [CMakeFiles/cmTryCompileExec2745725479.dir/src.cxx.o] Error 1
make: *** [cmTryCompileExec2745725479/fast] Error 2

Source file was:

#include <omp.h>
int main() {
#ifdef _OPENMP
  return 0;
#else
  breaks_on_purpose
#endif
}

Performing C++ SOURCE FILE Test OpenMP_FLAG_DETECTED failed with the following output:
Change Dir: /Users/ewart/Desktop/vli/build/CMakeFiles/CMakeTmp

Run Build Command:/usr/bin/make "cmTryCompileExec2798381456/fast"
/Applications/Xcode.app/Contents/Developer/usr/bin/make -f CMakeFiles/cmTryCompileExec2798381456.dir/build.make CMakeFiles/cmTryCompileExec2798381456.dir/build
/usr/local/cmake/2.8.12/bin/cmake -E cmake_progress_report /Users/ewart/Desktop/vli/build/CMakeFiles/CMakeTmp/CMakeFiles 1
Building CXX object CMakeFiles/cmTryCompileExec2798381456.dir/src.cxx.o
/usr/bin/c++    -DOpenMP_FLAG_DETECTED -openmp -isysroot /Applications/Xcode.app/Contents/Developer/Platforms/MacOSX.platform/Developer/SDKs/MacOSX10.10.sdk   -o CMakeFiles/cmTryCompileExec2798381456.dir/src.cxx.o -c /Users/ewart/Desktop/vli/build/CMakeFiles/CMakeTmp/src.cxx
/Users/ewart/Desktop/vli/build/CMakeFiles/CMakeTmp/src.cxx:2:10: fatal error: 'omp.h' file not found
#include <omp.h>
         ^
1 error generated.
make[1]: *** [CMakeFiles/cmTryCompileExec2798381456.dir/src.cxx.o] Error 1
make: *** [cmTryCompileExec2798381456/fast] Error 2

Source file was:

#include <omp.h>
int main() {
#ifdef _OPENMP
  return 0;
#else
  breaks_on_purpose
#endif
}

Performing C++ SOURCE FILE Test OpenMP_FLAG_DETECTED failed with the following output:
Change Dir: /Users/ewart/Desktop/vli/build/CMakeFiles/CMakeTmp

Run Build Command:/usr/bin/make "cmTryCompileExec3010709150/fast"
/Applications/Xcode.app/Contents/Developer/usr/bin/make -f CMakeFiles/cmTryCompileExec3010709150.dir/build.make CMakeFiles/cmTryCompileExec3010709150.dir/build
/usr/local/cmake/2.8.12/bin/cmake -E cmake_progress_report /Users/ewart/Desktop/vli/build/CMakeFiles/CMakeTmp/CMakeFiles 1
Building CXX object CMakeFiles/cmTryCompileExec3010709150.dir/src.cxx.o
/usr/bin/c++    -DOpenMP_FLAG_DETECTED -xopenmp -isysroot /Applications/Xcode.app/Contents/Developer/Platforms/MacOSX.platform/Developer/SDKs/MacOSX10.10.sdk   -o CMakeFiles/cmTryCompileExec3010709150.dir/src.cxx.o -c /Users/ewart/Desktop/vli/build/CMakeFiles/CMakeTmp/src.cxx
clang: error: language not recognized: 'openmp'
clang: warning: /Users/ewart/Desktop/vli/build/CMakeFiles/CMakeTmp/src.cxx: 'linker' input unused
make[1]: *** [CMakeFiles/cmTryCompileExec3010709150.dir/src.cxx.o] Error 1
make: *** [cmTryCompileExec3010709150/fast] Error 2

Source file was:

#include <omp.h>
int main() {
#ifdef _OPENMP
  return 0;
#else
  breaks_on_purpose
#endif
}

Performing C++ SOURCE FILE Test OpenMP_FLAG_DETECTED failed with the following output:
Change Dir: /Users/ewart/Desktop/vli/build/CMakeFiles/CMakeTmp

Run Build Command:/usr/bin/make "cmTryCompileExec506868496/fast"
/Applications/Xcode.app/Contents/Developer/usr/bin/make -f CMakeFiles/cmTryCompileExec506868496.dir/build.make CMakeFiles/cmTryCompileExec506868496.dir/build
/usr/local/cmake/2.8.12/bin/cmake -E cmake_progress_report /Users/ewart/Desktop/vli/build/CMakeFiles/CMakeTmp/CMakeFiles 1
Building CXX object CMakeFiles/cmTryCompileExec506868496.dir/src.cxx.o
/usr/bin/c++    -DOpenMP_FLAG_DETECTED +Oopenmp -isysroot /Applications/Xcode.app/Contents/Developer/Platforms/MacOSX.platform/Developer/SDKs/MacOSX10.10.sdk   -o CMakeFiles/cmTryCompileExec506868496.dir/src.cxx.o -c /Users/ewart/Desktop/vli/build/CMakeFiles/CMakeTmp/src.cxx
clang: error: no such file or directory: '+Oopenmp'
make[1]: *** [CMakeFiles/cmTryCompileExec506868496.dir/src.cxx.o] Error 1
make: *** [cmTryCompileExec506868496/fast] Error 2

Source file was:

#include <omp.h>
int main() {
#ifdef _OPENMP
  return 0;
#else
  breaks_on_purpose
#endif
}

Performing C++ SOURCE FILE Test OpenMP_FLAG_DETECTED failed with the following output:
Change Dir: /Users/ewart/Desktop/vli/build/CMakeFiles/CMakeTmp

Run Build Command:/usr/bin/make "cmTryCompileExec3892955579/fast"
/Applications/Xcode.app/Contents/Developer/usr/bin/make -f CMakeFiles/cmTryCompileExec3892955579.dir/build.make CMakeFiles/cmTryCompileExec3892955579.dir/build
/usr/local/cmake/2.8.12/bin/cmake -E cmake_progress_report /Users/ewart/Desktop/vli/build/CMakeFiles/CMakeTmp/CMakeFiles 1
Building CXX object CMakeFiles/cmTryCompileExec3892955579.dir/src.cxx.o
/usr/bin/c++    -DOpenMP_FLAG_DETECTED -qsmp -isysroot /Applications/Xcode.app/Contents/Developer/Platforms/MacOSX.platform/Developer/SDKs/MacOSX10.10.sdk   -o CMakeFiles/cmTryCompileExec3892955579.dir/src.cxx.o -c /Users/ewart/Desktop/vli/build/CMakeFiles/CMakeTmp/src.cxx
clang: error: unknown argument: '-qsmp'
make[1]: *** [CMakeFiles/cmTryCompileExec3892955579.dir/src.cxx.o] Error 1
make: *** [cmTryCompileExec3892955579/fast] Error 2

Source file was:

#include <omp.h>
int main() {
#ifdef _OPENMP
  return 0;
#else
  breaks_on_purpose
#endif
}

Performing C++ SOURCE FILE Test OpenMP_FLAG_DETECTED failed with the following output:
Change Dir: /Users/ewart/Desktop/vli/build/CMakeFiles/CMakeTmp

Run Build Command:/usr/bin/make "cmTryCompileExec2650124147/fast"
/Applications/Xcode.app/Contents/Developer/usr/bin/make -f CMakeFiles/cmTryCompileExec2650124147.dir/build.make CMakeFiles/cmTryCompileExec2650124147.dir/build
/usr/local/cmake/2.8.12/bin/cmake -E cmake_progress_report /Users/ewart/Desktop/vli/build/CMakeFiles/CMakeTmp/CMakeFiles 1
Building CXX object CMakeFiles/cmTryCompileExec2650124147.dir/src.cxx.o
/usr/bin/c++    -DOpenMP_FLAG_DETECTED -mp -isysroot /Applications/Xcode.app/Contents/Developer/Platforms/MacOSX.platform/Developer/SDKs/MacOSX10.10.sdk   -o CMakeFiles/cmTryCompileExec2650124147.dir/src.cxx.o -c /Users/ewart/Desktop/vli/build/CMakeFiles/CMakeTmp/src.cxx
clang: error: unknown argument: '-mp'
make[1]: *** [CMakeFiles/cmTryCompileExec2650124147.dir/src.cxx.o] Error 1
make: *** [cmTryCompileExec2650124147/fast] Error 2

Source file was:

#include <omp.h>
int main() {
#ifdef _OPENMP
  return 0;
#else
  breaks_on_purpose
#endif
}

Performing C SOURCE FILE Test OpenMP_FLAG_DETECTED failed with the following output:
Change Dir: /Users/ewart/Desktop/vli/build/CMakeFiles/CMakeTmp

Run Build Command:/usr/bin/make "cmTryCompileExec1940128187/fast"
/Applications/Xcode.app/Contents/Developer/usr/bin/make -f CMakeFiles/cmTryCompileExec1940128187.dir/build.make CMakeFiles/cmTryCompileExec1940128187.dir/build
/usr/local/cmake/2.8.12/bin/cmake -E cmake_progress_report /Users/ewart/Desktop/vli/build/CMakeFiles/CMakeTmp/CMakeFiles 1
Building C object CMakeFiles/cmTryCompileExec1940128187.dir/src.c.o
/usr/bin/cc   -DOpenMP_FLAG_DETECTED -isysroot /Applications/Xcode.app/Contents/Developer/Platforms/MacOSX.platform/Developer/SDKs/MacOSX10.10.sdk   -o CMakeFiles/cmTryCompileExec1940128187.dir/src.c.o   -c /Users/ewart/Desktop/vli/build/CMakeFiles/CMakeTmp/src.c
/Users/ewart/Desktop/vli/build/CMakeFiles/CMakeTmp/src.c:2:10: fatal error: 'omp.h' file not found
#include <omp.h>
         ^
1 error generated.
make[1]: *** [CMakeFiles/cmTryCompileExec1940128187.dir/src.c.o] Error 1
make: *** [cmTryCompileExec1940128187/fast] Error 2

Source file was:

#include <omp.h>
int main() {
#ifdef _OPENMP
  return 0;
#else
  breaks_on_purpose
#endif
}

Performing C SOURCE FILE Test OpenMP_FLAG_DETECTED failed with the following output:
Change Dir: /Users/ewart/Desktop/vli/build/CMakeFiles/CMakeTmp

Run Build Command:/usr/bin/make "cmTryCompileExec2418772215/fast"
/Applications/Xcode.app/Contents/Developer/usr/bin/make -f CMakeFiles/cmTryCompileExec2418772215.dir/build.make CMakeFiles/cmTryCompileExec2418772215.dir/build
/usr/local/cmake/2.8.12/bin/cmake -E cmake_progress_report /Users/ewart/Desktop/vli/build/CMakeFiles/CMakeTmp/CMakeFiles 1
Building C object CMakeFiles/cmTryCompileExec2418772215.dir/src.c.o
/usr/bin/cc   -DOpenMP_FLAG_DETECTED -fopenmp -isysroot /Applications/Xcode.app/Contents/Developer/Platforms/MacOSX.platform/Developer/SDKs/MacOSX10.10.sdk   -o CMakeFiles/cmTryCompileExec2418772215.dir/src.c.o   -c /Users/ewart/Desktop/vli/build/CMakeFiles/CMakeTmp/src.c
clang: warning: argument unused during compilation: '-fopenmp'
/Users/ewart/Desktop/vli/build/CMakeFiles/CMakeTmp/src.c:2:10: fatal error: 'omp.h' file not found
#include <omp.h>
         ^
1 error generated.
make[1]: *** [CMakeFiles/cmTryCompileExec2418772215.dir/src.c.o] Error 1
make: *** [cmTryCompileExec2418772215/fast] Error 2

Source file was:

#include <omp.h>
int main() {
#ifdef _OPENMP
  return 0;
#else
  breaks_on_purpose
#endif
}

Performing C SOURCE FILE Test OpenMP_FLAG_DETECTED failed with the following output:
Change Dir: /Users/ewart/Desktop/vli/build/CMakeFiles/CMakeTmp

Run Build Command:/usr/bin/make "cmTryCompileExec1362719214/fast"
/Applications/Xcode.app/Contents/Developer/usr/bin/make -f CMakeFiles/cmTryCompileExec1362719214.dir/build.make CMakeFiles/cmTryCompileExec1362719214.dir/build
/usr/local/cmake/2.8.12/bin/cmake -E cmake_progress_report /Users/ewart/Desktop/vli/build/CMakeFiles/CMakeTmp/CMakeFiles 1
Building C object CMakeFiles/cmTryCompileExec1362719214.dir/src.c.o
/usr/bin/cc   -DOpenMP_FLAG_DETECTED /openmp -isysroot /Applications/Xcode.app/Contents/Developer/Platforms/MacOSX.platform/Developer/SDKs/MacOSX10.10.sdk   -o CMakeFiles/cmTryCompileExec1362719214.dir/src.c.o   -c /Users/ewart/Desktop/vli/build/CMakeFiles/CMakeTmp/src.c
clang: error: no such file or directory: '/openmp'
make[1]: *** [CMakeFiles/cmTryCompileExec1362719214.dir/src.c.o] Error 1
make: *** [cmTryCompileExec1362719214/fast] Error 2

Source file was:

#include <omp.h>
int main() {
#ifdef _OPENMP
  return 0;
#else
  breaks_on_purpose
#endif
}

Performing C SOURCE FILE Test OpenMP_FLAG_DETECTED failed with the following output:
Change Dir: /Users/ewart/Desktop/vli/build/CMakeFiles/CMakeTmp

Run Build Command:/usr/bin/make "cmTryCompileExec2376939046/fast"
/Applications/Xcode.app/Contents/Developer/usr/bin/make -f CMakeFiles/cmTryCompileExec2376939046.dir/build.make CMakeFiles/cmTryCompileExec2376939046.dir/build
/usr/local/cmake/2.8.12/bin/cmake -E cmake_progress_report /Users/ewart/Desktop/vli/build/CMakeFiles/CMakeTmp/CMakeFiles 1
Building C object CMakeFiles/cmTryCompileExec2376939046.dir/src.c.o
/usr/bin/cc   -DOpenMP_FLAG_DETECTED -Qopenmp -isysroot /Applications/Xcode.app/Contents/Developer/Platforms/MacOSX.platform/Developer/SDKs/MacOSX10.10.sdk   -o CMakeFiles/cmTryCompileExec2376939046.dir/src.c.o   -c /Users/ewart/Desktop/vli/build/CMakeFiles/CMakeTmp/src.c
clang: error: unknown argument: '-Qopenmp'
make[1]: *** [CMakeFiles/cmTryCompileExec2376939046.dir/src.c.o] Error 1
make: *** [cmTryCompileExec2376939046/fast] Error 2

Source file was:

#include <omp.h>
int main() {
#ifdef _OPENMP
  return 0;
#else
  breaks_on_purpose
#endif
}

Performing C SOURCE FILE Test OpenMP_FLAG_DETECTED failed with the following output:
Change Dir: /Users/ewart/Desktop/vli/build/CMakeFiles/CMakeTmp

Run Build Command:/usr/bin/make "cmTryCompileExec2384365037/fast"
/Applications/Xcode.app/Contents/Developer/usr/bin/make -f CMakeFiles/cmTryCompileExec2384365037.dir/build.make CMakeFiles/cmTryCompileExec2384365037.dir/build
/usr/local/cmake/2.8.12/bin/cmake -E cmake_progress_report /Users/ewart/Desktop/vli/build/CMakeFiles/CMakeTmp/CMakeFiles 1
Building C object CMakeFiles/cmTryCompileExec2384365037.dir/src.c.o
/usr/bin/cc   -DOpenMP_FLAG_DETECTED -openmp -isysroot /Applications/Xcode.app/Contents/Developer/Platforms/MacOSX.platform/Developer/SDKs/MacOSX10.10.sdk   -o CMakeFiles/cmTryCompileExec2384365037.dir/src.c.o   -c /Users/ewart/Desktop/vli/build/CMakeFiles/CMakeTmp/src.c
/Users/ewart/Desktop/vli/build/CMakeFiles/CMakeTmp/src.c:2:10: fatal error: 'omp.h' file not found
#include <omp.h>
         ^
1 error generated.
make[1]: *** [CMakeFiles/cmTryCompileExec2384365037.dir/src.c.o] Error 1
make: *** [cmTryCompileExec2384365037/fast] Error 2

Source file was:

#include <omp.h>
int main() {
#ifdef _OPENMP
  return 0;
#else
  breaks_on_purpose
#endif
}

Performing C SOURCE FILE Test OpenMP_FLAG_DETECTED failed with the following output:
Change Dir: /Users/ewart/Desktop/vli/build/CMakeFiles/CMakeTmp

Run Build Command:/usr/bin/make "cmTryCompileExec1562394550/fast"
/Applications/Xcode.app/Contents/Developer/usr/bin/make -f CMakeFiles/cmTryCompileExec1562394550.dir/build.make CMakeFiles/cmTryCompileExec1562394550.dir/build
/usr/local/cmake/2.8.12/bin/cmake -E cmake_progress_report /Users/ewart/Desktop/vli/build/CMakeFiles/CMakeTmp/CMakeFiles 1
Building C object CMakeFiles/cmTryCompileExec1562394550.dir/src.c.o
/usr/bin/cc   -DOpenMP_FLAG_DETECTED -xopenmp -isysroot /Applications/Xcode.app/Contents/Developer/Platforms/MacOSX.platform/Developer/SDKs/MacOSX10.10.sdk   -o CMakeFiles/cmTryCompileExec1562394550.dir/src.c.o   -c /Users/ewart/Desktop/vli/build/CMakeFiles/CMakeTmp/src.c
clang: error: language not recognized: 'openmp'
clang: warning: /Users/ewart/Desktop/vli/build/CMakeFiles/CMakeTmp/src.c: 'linker' input unused
make[1]: *** [CMakeFiles/cmTryCompileExec1562394550.dir/src.c.o] Error 1
make: *** [cmTryCompileExec1562394550/fast] Error 2

Source file was:

#include <omp.h>
int main() {
#ifdef _OPENMP
  return 0;
#else
  breaks_on_purpose
#endif
}

Performing C SOURCE FILE Test OpenMP_FLAG_DETECTED failed with the following output:
Change Dir: /Users/ewart/Desktop/vli/build/CMakeFiles/CMakeTmp

Run Build Command:/usr/bin/make "cmTryCompileExec3984166032/fast"
/Applications/Xcode.app/Contents/Developer/usr/bin/make -f CMakeFiles/cmTryCompileExec3984166032.dir/build.make CMakeFiles/cmTryCompileExec3984166032.dir/build
/usr/local/cmake/2.8.12/bin/cmake -E cmake_progress_report /Users/ewart/Desktop/vli/build/CMakeFiles/CMakeTmp/CMakeFiles 1
Building C object CMakeFiles/cmTryCompileExec3984166032.dir/src.c.o
/usr/bin/cc   -DOpenMP_FLAG_DETECTED +Oopenmp -isysroot /Applications/Xcode.app/Contents/Developer/Platforms/MacOSX.platform/Developer/SDKs/MacOSX10.10.sdk   -o CMakeFiles/cmTryCompileExec3984166032.dir/src.c.o   -c /Users/ewart/Desktop/vli/build/CMakeFiles/CMakeTmp/src.c
clang: error: no such file or directory: '+Oopenmp'
make[1]: *** [CMakeFiles/cmTryCompileExec3984166032.dir/src.c.o] Error 1
make: *** [cmTryCompileExec3984166032/fast] Error 2

Source file was:

#include <omp.h>
int main() {
#ifdef _OPENMP
  return 0;
#else
  breaks_on_purpose
#endif
}

Performing C SOURCE FILE Test OpenMP_FLAG_DETECTED failed with the following output:
Change Dir: /Users/ewart/Desktop/vli/build/CMakeFiles/CMakeTmp

Run Build Command:/usr/bin/make "cmTryCompileExec3188366959/fast"
/Applications/Xcode.app/Contents/Developer/usr/bin/make -f CMakeFiles/cmTryCompileExec3188366959.dir/build.make CMakeFiles/cmTryCompileExec3188366959.dir/build
/usr/local/cmake/2.8.12/bin/cmake -E cmake_progress_report /Users/ewart/Desktop/vli/build/CMakeFiles/CMakeTmp/CMakeFiles 1
Building C object CMakeFiles/cmTryCompileExec3188366959.dir/src.c.o
/usr/bin/cc   -DOpenMP_FLAG_DETECTED -qsmp -isysroot /Applications/Xcode.app/Contents/Developer/Platforms/MacOSX.platform/Developer/SDKs/MacOSX10.10.sdk   -o CMakeFiles/cmTryCompileExec3188366959.dir/src.c.o   -c /Users/ewart/Desktop/vli/build/CMakeFiles/CMakeTmp/src.c
clang: error: unknown argument: '-qsmp'
make[1]: *** [CMakeFiles/cmTryCompileExec3188366959.dir/src.c.o] Error 1
make: *** [cmTryCompileExec3188366959/fast] Error 2

Source file was:

#include <omp.h>
int main() {
#ifdef _OPENMP
  return 0;
#else
  breaks_on_purpose
#endif
}

Performing C SOURCE FILE Test OpenMP_FLAG_DETECTED failed with the following output:
Change Dir: /Users/ewart/Desktop/vli/build/CMakeFiles/CMakeTmp

Run Build Command:/usr/bin/make "cmTryCompileExec3528956802/fast"
/Applications/Xcode.app/Contents/Developer/usr/bin/make -f CMakeFiles/cmTryCompileExec3528956802.dir/build.make CMakeFiles/cmTryCompileExec3528956802.dir/build
/usr/local/cmake/2.8.12/bin/cmake -E cmake_progress_report /Users/ewart/Desktop/vli/build/CMakeFiles/CMakeTmp/CMakeFiles 1
Building C object CMakeFiles/cmTryCompileExec3528956802.dir/src.c.o
/usr/bin/cc   -DOpenMP_FLAG_DETECTED -mp -isysroot /Applications/Xcode.app/Contents/Developer/Platforms/MacOSX.platform/Developer/SDKs/MacOSX10.10.sdk   -o CMakeFiles/cmTryCompileExec3528956802.dir/src.c.o   -c /Users/ewart/Desktop/vli/build/CMakeFiles/CMakeTmp/src.c
clang: error: unknown argument: '-mp'
make[1]: *** [CMakeFiles/cmTryCompileExec3528956802.dir/src.c.o] Error 1
make: *** [cmTryCompileExec3528956802/fast] Error 2

Source file was:

#include <omp.h>
int main() {
#ifdef _OPENMP
  return 0;
#else
  breaks_on_purpose
#endif
}

Performing C++ SOURCE FILE Test OpenMP_FLAG_DETECTED failed with the following output:
Change Dir: /Users/ewart/Desktop/vli/build/CMakeFiles/CMakeTmp

Run Build Command:/usr/bin/make "cmTryCompileExec1963568947/fast"
/Applications/Xcode.app/Contents/Developer/usr/bin/make -f CMakeFiles/cmTryCompileExec1963568947.dir/build.make CMakeFiles/cmTryCompileExec1963568947.dir/build
/usr/local/cmake/2.8.12/bin/cmake -E cmake_progress_report /Users/ewart/Desktop/vli/build/CMakeFiles/CMakeTmp/CMakeFiles 1
Building CXX object CMakeFiles/cmTryCompileExec1963568947.dir/src.cxx.o
/usr/bin/c++    -DOpenMP_FLAG_DETECTED -isysroot /Applications/Xcode.app/Contents/Developer/Platforms/MacOSX.platform/Developer/SDKs/MacOSX10.10.sdk   -o CMakeFiles/cmTryCompileExec1963568947.dir/src.cxx.o -c /Users/ewart/Desktop/vli/build/CMakeFiles/CMakeTmp/src.cxx
/Users/ewart/Desktop/vli/build/CMakeFiles/CMakeTmp/src.cxx:2:10: fatal error: 'omp.h' file not found
#include <omp.h>
         ^
1 error generated.
make[1]: *** [CMakeFiles/cmTryCompileExec1963568947.dir/src.cxx.o] Error 1
make: *** [cmTryCompileExec1963568947/fast] Error 2

Source file was:

#include <omp.h>
int main() {
#ifdef _OPENMP
  return 0;
#else
  breaks_on_purpose
#endif
}

Performing C++ SOURCE FILE Test OpenMP_FLAG_DETECTED failed with the following output:
Change Dir: /Users/ewart/Desktop/vli/build/CMakeFiles/CMakeTmp

Run Build Command:/usr/bin/make "cmTryCompileExec1471971674/fast"
/Applications/Xcode.app/Contents/Developer/usr/bin/make -f CMakeFiles/cmTryCompileExec1471971674.dir/build.make CMakeFiles/cmTryCompileExec1471971674.dir/build
/usr/local/cmake/2.8.12/bin/cmake -E cmake_progress_report /Users/ewart/Desktop/vli/build/CMakeFiles/CMakeTmp/CMakeFiles 1
Building CXX object CMakeFiles/cmTryCompileExec1471971674.dir/src.cxx.o
/usr/bin/c++    -DOpenMP_FLAG_DETECTED -fopenmp -isysroot /Applications/Xcode.app/Contents/Developer/Platforms/MacOSX.platform/Developer/SDKs/MacOSX10.10.sdk   -o CMakeFiles/cmTryCompileExec1471971674.dir/src.cxx.o -c /Users/ewart/Desktop/vli/build/CMakeFiles/CMakeTmp/src.cxx
clang: warning: argument unused during compilation: '-fopenmp'
/Users/ewart/Desktop/vli/build/CMakeFiles/CMakeTmp/src.cxx:2:10: fatal error: 'omp.h' file not found
#include <omp.h>
         ^
1 error generated.
make[1]: *** [CMakeFiles/cmTryCompileExec1471971674.dir/src.cxx.o] Error 1
make: *** [cmTryCompileExec1471971674/fast] Error 2

Source file was:

#include <omp.h>
int main() {
#ifdef _OPENMP
  return 0;
#else
  breaks_on_purpose
#endif
}

Performing C++ SOURCE FILE Test OpenMP_FLAG_DETECTED failed with the following output:
Change Dir: /Users/ewart/Desktop/vli/build/CMakeFiles/CMakeTmp

Run Build Command:/usr/bin/make "cmTryCompileExec3946381391/fast"
/Applications/Xcode.app/Contents/Developer/usr/bin/make -f CMakeFiles/cmTryCompileExec3946381391.dir/build.make CMakeFiles/cmTryCompileExec3946381391.dir/build
/usr/local/cmake/2.8.12/bin/cmake -E cmake_progress_report /Users/ewart/Desktop/vli/build/CMakeFiles/CMakeTmp/CMakeFiles 1
Building CXX object CMakeFiles/cmTryCompileExec3946381391.dir/src.cxx.o
/usr/bin/c++    -DOpenMP_FLAG_DETECTED /openmp -isysroot /Applications/Xcode.app/Contents/Developer/Platforms/MacOSX.platform/Developer/SDKs/MacOSX10.10.sdk   -o CMakeFiles/cmTryCompileExec3946381391.dir/src.cxx.o -c /Users/ewart/Desktop/vli/build/CMakeFiles/CMakeTmp/src.cxx
clang: error: no such file or directory: '/openmp'
make[1]: *** [CMakeFiles/cmTryCompileExec3946381391.dir/src.cxx.o] Error 1
make: *** [cmTryCompileExec3946381391/fast] Error 2

Source file was:

#include <omp.h>
int main() {
#ifdef _OPENMP
  return 0;
#else
  breaks_on_purpose
#endif
}

Performing C++ SOURCE FILE Test OpenMP_FLAG_DETECTED failed with the following output:
Change Dir: /Users/ewart/Desktop/vli/build/CMakeFiles/CMakeTmp

Run Build Command:/usr/bin/make "cmTryCompileExec3071681466/fast"
/Applications/Xcode.app/Contents/Developer/usr/bin/make -f CMakeFiles/cmTryCompileExec3071681466.dir/build.make CMakeFiles/cmTryCompileExec3071681466.dir/build
/usr/local/cmake/2.8.12/bin/cmake -E cmake_progress_report /Users/ewart/Desktop/vli/build/CMakeFiles/CMakeTmp/CMakeFiles 1
Building CXX object CMakeFiles/cmTryCompileExec3071681466.dir/src.cxx.o
/usr/bin/c++    -DOpenMP_FLAG_DETECTED -Qopenmp -isysroot /Applications/Xcode.app/Contents/Developer/Platforms/MacOSX.platform/Developer/SDKs/MacOSX10.10.sdk   -o CMakeFiles/cmTryCompileExec3071681466.dir/src.cxx.o -c /Users/ewart/Desktop/vli/build/CMakeFiles/CMakeTmp/src.cxx
clang: error: unknown argument: '-Qopenmp'
make[1]: *** [CMakeFiles/cmTryCompileExec3071681466.dir/src.cxx.o] Error 1
make: *** [cmTryCompileExec3071681466/fast] Error 2

Source file was:

#include <omp.h>
int main() {
#ifdef _OPENMP
  return 0;
#else
  breaks_on_purpose
#endif
}

Performing C++ SOURCE FILE Test OpenMP_FLAG_DETECTED failed with the following output:
Change Dir: /Users/ewart/Desktop/vli/build/CMakeFiles/CMakeTmp

Run Build Command:/usr/bin/make "cmTryCompileExec450300611/fast"
/Applications/Xcode.app/Contents/Developer/usr/bin/make -f CMakeFiles/cmTryCompileExec450300611.dir/build.make CMakeFiles/cmTryCompileExec450300611.dir/build
/usr/local/cmake/2.8.12/bin/cmake -E cmake_progress_report /Users/ewart/Desktop/vli/build/CMakeFiles/CMakeTmp/CMakeFiles 1
Building CXX object CMakeFiles/cmTryCompileExec450300611.dir/src.cxx.o
/usr/bin/c++    -DOpenMP_FLAG_DETECTED -openmp -isysroot /Applications/Xcode.app/Contents/Developer/Platforms/MacOSX.platform/Developer/SDKs/MacOSX10.10.sdk   -o CMakeFiles/cmTryCompileExec450300611.dir/src.cxx.o -c /Users/ewart/Desktop/vli/build/CMakeFiles/CMakeTmp/src.cxx
/Users/ewart/Desktop/vli/build/CMakeFiles/CMakeTmp/src.cxx:2:10: fatal error: 'omp.h' file not found
#include <omp.h>
         ^
1 error generated.
make[1]: *** [CMakeFiles/cmTryCompileExec450300611.dir/src.cxx.o] Error 1
make: *** [cmTryCompileExec450300611/fast] Error 2

Source file was:

#include <omp.h>
int main() {
#ifdef _OPENMP
  return 0;
#else
  breaks_on_purpose
#endif
}

Performing C++ SOURCE FILE Test OpenMP_FLAG_DETECTED failed with the following output:
Change Dir: /Users/ewart/Desktop/vli/build/CMakeFiles/CMakeTmp

Run Build Command:/usr/bin/make "cmTryCompileExec3973397981/fast"
/Applications/Xcode.app/Contents/Developer/usr/bin/make -f CMakeFiles/cmTryCompileExec3973397981.dir/build.make CMakeFiles/cmTryCompileExec3973397981.dir/build
/usr/local/cmake/2.8.12/bin/cmake -E cmake_progress_report /Users/ewart/Desktop/vli/build/CMakeFiles/CMakeTmp/CMakeFiles 1
Building CXX object CMakeFiles/cmTryCompileExec3973397981.dir/src.cxx.o
/usr/bin/c++    -DOpenMP_FLAG_DETECTED -xopenmp -isysroot /Applications/Xcode.app/Contents/Developer/Platforms/MacOSX.platform/Developer/SDKs/MacOSX10.10.sdk   -o CMakeFiles/cmTryCompileExec3973397981.dir/src.cxx.o -c /Users/ewart/Desktop/vli/build/CMakeFiles/CMakeTmp/src.cxx
clang: error: language not recognized: 'openmp'
clang: warning: /Users/ewart/Desktop/vli/build/CMakeFiles/CMakeTmp/src.cxx: 'linker' input unused
make[1]: *** [CMakeFiles/cmTryCompileExec3973397981.dir/src.cxx.o] Error 1
make: *** [cmTryCompileExec3973397981/fast] Error 2

Source file was:

#include <omp.h>
int main() {
#ifdef _OPENMP
  return 0;
#else
  breaks_on_purpose
#endif
}

Performing C++ SOURCE FILE Test OpenMP_FLAG_DETECTED failed with the following output:
Change Dir: /Users/ewart/Desktop/vli/build/CMakeFiles/CMakeTmp

Run Build Command:/usr/bin/make "cmTryCompileExec1555269022/fast"
/Applications/Xcode.app/Contents/Developer/usr/bin/make -f CMakeFiles/cmTryCompileExec1555269022.dir/build.make CMakeFiles/cmTryCompileExec1555269022.dir/build
/usr/local/cmake/2.8.12/bin/cmake -E cmake_progress_report /Users/ewart/Desktop/vli/build/CMakeFiles/CMakeTmp/CMakeFiles 1
Building CXX object CMakeFiles/cmTryCompileExec1555269022.dir/src.cxx.o
/usr/bin/c++    -DOpenMP_FLAG_DETECTED +Oopenmp -isysroot /Applications/Xcode.app/Contents/Developer/Platforms/MacOSX.platform/Developer/SDKs/MacOSX10.10.sdk   -o CMakeFiles/cmTryCompileExec1555269022.dir/src.cxx.o -c /Users/ewart/Desktop/vli/build/CMakeFiles/CMakeTmp/src.cxx
clang: error: no such file or directory: '+Oopenmp'
make[1]: *** [CMakeFiles/cmTryCompileExec1555269022.dir/src.cxx.o] Error 1
make: *** [cmTryCompileExec1555269022/fast] Error 2

Source file was:

#include <omp.h>
int main() {
#ifdef _OPENMP
  return 0;
#else
  breaks_on_purpose
#endif
}

Performing C++ SOURCE FILE Test OpenMP_FLAG_DETECTED failed with the following output:
Change Dir: /Users/ewart/Desktop/vli/build/CMakeFiles/CMakeTmp

Run Build Command:/usr/bin/make "cmTryCompileExec3220444653/fast"
/Applications/Xcode.app/Contents/Developer/usr/bin/make -f CMakeFiles/cmTryCompileExec3220444653.dir/build.make CMakeFiles/cmTryCompileExec3220444653.dir/build
/usr/local/cmake/2.8.12/bin/cmake -E cmake_progress_report /Users/ewart/Desktop/vli/build/CMakeFiles/CMakeTmp/CMakeFiles 1
Building CXX object CMakeFiles/cmTryCompileExec3220444653.dir/src.cxx.o
/usr/bin/c++    -DOpenMP_FLAG_DETECTED -qsmp -isysroot /Applications/Xcode.app/Contents/Developer/Platforms/MacOSX.platform/Developer/SDKs/MacOSX10.10.sdk   -o CMakeFiles/cmTryCompileExec3220444653.dir/src.cxx.o -c /Users/ewart/Desktop/vli/build/CMakeFiles/CMakeTmp/src.cxx
clang: error: unknown argument: '-qsmp'
make[1]: *** [CMakeFiles/cmTryCompileExec3220444653.dir/src.cxx.o] Error 1
make: *** [cmTryCompileExec3220444653/fast] Error 2

Source file was:

#include <omp.h>
int main() {
#ifdef _OPENMP
  return 0;
#else
  breaks_on_purpose
#endif
}

Performing C++ SOURCE FILE Test OpenMP_FLAG_DETECTED failed with the following output:
Change Dir: /Users/ewart/Desktop/vli/build/CMakeFiles/CMakeTmp

Run Build Command:/usr/bin/make "cmTryCompileExec4210832553/fast"
/Applications/Xcode.app/Contents/Developer/usr/bin/make -f CMakeFiles/cmTryCompileExec4210832553.dir/build.make CMakeFiles/cmTryCompileExec4210832553.dir/build
/usr/local/cmake/2.8.12/bin/cmake -E cmake_progress_report /Users/ewart/Desktop/vli/build/CMakeFiles/CMakeTmp/CMakeFiles 1
Building CXX object CMakeFiles/cmTryCompileExec4210832553.dir/src.cxx.o
/usr/bin/c++    -DOpenMP_FLAG_DETECTED -mp -isysroot /Applications/Xcode.app/Contents/Developer/Platforms/MacOSX.platform/Developer/SDKs/MacOSX10.10.sdk   -o CMakeFiles/cmTryCompileExec4210832553.dir/src.cxx.o -c /Users/ewart/Desktop/vli/build/CMakeFiles/CMakeTmp/src.cxx
clang: error: unknown argument: '-mp'
make[1]: *** [CMakeFiles/cmTryCompileExec4210832553.dir/src.cxx.o] Error 1
make: *** [cmTryCompileExec4210832553/fast] Error 2

Source file was:

#include <omp.h>
int main() {
#ifdef _OPENMP
  return 0;
#else
  breaks_on_purpose
#endif
}

Performing C SOURCE FILE Test OpenMP_FLAG_DETECTED failed with the following output:
Change Dir: /Users/ewart/Desktop/vli/build/CMakeFiles/CMakeTmp

Run Build Command:/usr/bin/make "cmTryCompileExec1670965026/fast"
/Applications/Xcode.app/Contents/Developer/usr/bin/make -f CMakeFiles/cmTryCompileExec1670965026.dir/build.make CMakeFiles/cmTryCompileExec1670965026.dir/build
/usr/local/cmake/2.8.12/bin/cmake -E cmake_progress_report /Users/ewart/Desktop/vli/build/CMakeFiles/CMakeTmp/CMakeFiles 1
Building C object CMakeFiles/cmTryCompileExec1670965026.dir/src.c.o
/usr/bin/cc   -DOpenMP_FLAG_DETECTED -isysroot /Applications/Xcode.app/Contents/Developer/Platforms/MacOSX.platform/Developer/SDKs/MacOSX10.10.sdk   -o CMakeFiles/cmTryCompileExec1670965026.dir/src.c.o   -c /Users/ewart/Desktop/vli/build/CMakeFiles/CMakeTmp/src.c
/Users/ewart/Desktop/vli/build/CMakeFiles/CMakeTmp/src.c:2:10: fatal error: 'omp.h' file not found
#include <omp.h>
         ^
1 error generated.
make[1]: *** [CMakeFiles/cmTryCompileExec1670965026.dir/src.c.o] Error 1
make: *** [cmTryCompileExec1670965026/fast] Error 2

Source file was:

#include <omp.h>
int main() {
#ifdef _OPENMP
  return 0;
#else
  breaks_on_purpose
#endif
}

Performing C SOURCE FILE Test OpenMP_FLAG_DETECTED failed with the following output:
Change Dir: /Users/ewart/Desktop/vli/build/CMakeFiles/CMakeTmp

Run Build Command:/usr/bin/make "cmTryCompileExec1249591465/fast"
/Applications/Xcode.app/Contents/Developer/usr/bin/make -f CMakeFiles/cmTryCompileExec1249591465.dir/build.make CMakeFiles/cmTryCompileExec1249591465.dir/build
/usr/local/cmake/2.8.12/bin/cmake -E cmake_progress_report /Users/ewart/Desktop/vli/build/CMakeFiles/CMakeTmp/CMakeFiles 1
Building C object CMakeFiles/cmTryCompileExec1249591465.dir/src.c.o
/usr/bin/cc   -DOpenMP_FLAG_DETECTED -fopenmp -isysroot /Applications/Xcode.app/Contents/Developer/Platforms/MacOSX.platform/Developer/SDKs/MacOSX10.10.sdk   -o CMakeFiles/cmTryCompileExec1249591465.dir/src.c.o   -c /Users/ewart/Desktop/vli/build/CMakeFiles/CMakeTmp/src.c
clang: warning: argument unused during compilation: '-fopenmp'
/Users/ewart/Desktop/vli/build/CMakeFiles/CMakeTmp/src.c:2:10: fatal error: 'omp.h' file not found
#include <omp.h>
         ^
1 error generated.
make[1]: *** [CMakeFiles/cmTryCompileExec1249591465.dir/src.c.o] Error 1
make: *** [cmTryCompileExec1249591465/fast] Error 2

Source file was:

#include <omp.h>
int main() {
#ifdef _OPENMP
  return 0;
#else
  breaks_on_purpose
#endif
}

Performing C SOURCE FILE Test OpenMP_FLAG_DETECTED failed with the following output:
Change Dir: /Users/ewart/Desktop/vli/build/CMakeFiles/CMakeTmp

Run Build Command:/usr/bin/make "cmTryCompileExec2991338136/fast"
/Applications/Xcode.app/Contents/Developer/usr/bin/make -f CMakeFiles/cmTryCompileExec2991338136.dir/build.make CMakeFiles/cmTryCompileExec2991338136.dir/build
/usr/local/cmake/2.8.12/bin/cmake -E cmake_progress_report /Users/ewart/Desktop/vli/build/CMakeFiles/CMakeTmp/CMakeFiles 1
Building C object CMakeFiles/cmTryCompileExec2991338136.dir/src.c.o
/usr/bin/cc   -DOpenMP_FLAG_DETECTED /openmp -isysroot /Applications/Xcode.app/Contents/Developer/Platforms/MacOSX.platform/Developer/SDKs/MacOSX10.10.sdk   -o CMakeFiles/cmTryCompileExec2991338136.dir/src.c.o   -c /Users/ewart/Desktop/vli/build/CMakeFiles/CMakeTmp/src.c
clang: error: no such file or directory: '/openmp'
make[1]: *** [CMakeFiles/cmTryCompileExec2991338136.dir/src.c.o] Error 1
make: *** [cmTryCompileExec2991338136/fast] Error 2

Source file was:

#include <omp.h>
int main() {
#ifdef _OPENMP
  return 0;
#else
  breaks_on_purpose
#endif
}

Performing C SOURCE FILE Test OpenMP_FLAG_DETECTED failed with the following output:
Change Dir: /Users/ewart/Desktop/vli/build/CMakeFiles/CMakeTmp

Run Build Command:/usr/bin/make "cmTryCompileExec432121403/fast"
/Applications/Xcode.app/Contents/Developer/usr/bin/make -f CMakeFiles/cmTryCompileExec432121403.dir/build.make CMakeFiles/cmTryCompileExec432121403.dir/build
/usr/local/cmake/2.8.12/bin/cmake -E cmake_progress_report /Users/ewart/Desktop/vli/build/CMakeFiles/CMakeTmp/CMakeFiles 1
Building C object CMakeFiles/cmTryCompileExec432121403.dir/src.c.o
/usr/bin/cc   -DOpenMP_FLAG_DETECTED -Qopenmp -isysroot /Applications/Xcode.app/Contents/Developer/Platforms/MacOSX.platform/Developer/SDKs/MacOSX10.10.sdk   -o CMakeFiles/cmTryCompileExec432121403.dir/src.c.o   -c /Users/ewart/Desktop/vli/build/CMakeFiles/CMakeTmp/src.c
clang: error: unknown argument: '-Qopenmp'
make[1]: *** [CMakeFiles/cmTryCompileExec432121403.dir/src.c.o] Error 1
make: *** [cmTryCompileExec432121403/fast] Error 2

Source file was:

#include <omp.h>
int main() {
#ifdef _OPENMP
  return 0;
#else
  breaks_on_purpose
#endif
}

Performing C SOURCE FILE Test OpenMP_FLAG_DETECTED failed with the following output:
Change Dir: /Users/ewart/Desktop/vli/build/CMakeFiles/CMakeTmp

Run Build Command:/usr/bin/make "cmTryCompileExec4104887441/fast"
/Applications/Xcode.app/Contents/Developer/usr/bin/make -f CMakeFiles/cmTryCompileExec4104887441.dir/build.make CMakeFiles/cmTryCompileExec4104887441.dir/build
/usr/local/cmake/2.8.12/bin/cmake -E cmake_progress_report /Users/ewart/Desktop/vli/build/CMakeFiles/CMakeTmp/CMakeFiles 1
Building C object CMakeFiles/cmTryCompileExec4104887441.dir/src.c.o
/usr/bin/cc   -DOpenMP_FLAG_DETECTED -openmp -isysroot /Applications/Xcode.app/Contents/Developer/Platforms/MacOSX.platform/Developer/SDKs/MacOSX10.10.sdk   -o CMakeFiles/cmTryCompileExec4104887441.dir/src.c.o   -c /Users/ewart/Desktop/vli/build/CMakeFiles/CMakeTmp/src.c
/Users/ewart/Desktop/vli/build/CMakeFiles/CMakeTmp/src.c:2:10: fatal error: 'omp.h' file not found
#include <omp.h>
         ^
1 error generated.
make[1]: *** [CMakeFiles/cmTryCompileExec4104887441.dir/src.c.o] Error 1
make: *** [cmTryCompileExec4104887441/fast] Error 2

Source file was:

#include <omp.h>
int main() {
#ifdef _OPENMP
  return 0;
#else
  breaks_on_purpose
#endif
}

Performing C SOURCE FILE Test OpenMP_FLAG_DETECTED failed with the following output:
Change Dir: /Users/ewart/Desktop/vli/build/CMakeFiles/CMakeTmp

Run Build Command:/usr/bin/make "cmTryCompileExec1792781966/fast"
/Applications/Xcode.app/Contents/Developer/usr/bin/make -f CMakeFiles/cmTryCompileExec1792781966.dir/build.make CMakeFiles/cmTryCompileExec1792781966.dir/build
/usr/local/cmake/2.8.12/bin/cmake -E cmake_progress_report /Users/ewart/Desktop/vli/build/CMakeFiles/CMakeTmp/CMakeFiles 1
Building C object CMakeFiles/cmTryCompileExec1792781966.dir/src.c.o
/usr/bin/cc   -DOpenMP_FLAG_DETECTED -xopenmp -isysroot /Applications/Xcode.app/Contents/Developer/Platforms/MacOSX.platform/Developer/SDKs/MacOSX10.10.sdk   -o CMakeFiles/cmTryCompileExec1792781966.dir/src.c.o   -c /Users/ewart/Desktop/vli/build/CMakeFiles/CMakeTmp/src.c
clang: error: language not recognized: 'openmp'
clang: warning: /Users/ewart/Desktop/vli/build/CMakeFiles/CMakeTmp/src.c: 'linker' input unused
make[1]: *** [CMakeFiles/cmTryCompileExec1792781966.dir/src.c.o] Error 1
make: *** [cmTryCompileExec1792781966/fast] Error 2

Source file was:

#include <omp.h>
int main() {
#ifdef _OPENMP
  return 0;
#else
  breaks_on_purpose
#endif
}

Performing C SOURCE FILE Test OpenMP_FLAG_DETECTED failed with the following output:
Change Dir: /Users/ewart/Desktop/vli/build/CMakeFiles/CMakeTmp

Run Build Command:/usr/bin/make "cmTryCompileExec2965854167/fast"
/Applications/Xcode.app/Contents/Developer/usr/bin/make -f CMakeFiles/cmTryCompileExec2965854167.dir/build.make CMakeFiles/cmTryCompileExec2965854167.dir/build
/usr/local/cmake/2.8.12/bin/cmake -E cmake_progress_report /Users/ewart/Desktop/vli/build/CMakeFiles/CMakeTmp/CMakeFiles 1
Building C object CMakeFiles/cmTryCompileExec2965854167.dir/src.c.o
/usr/bin/cc   -DOpenMP_FLAG_DETECTED +Oopenmp -isysroot /Applications/Xcode.app/Contents/Developer/Platforms/MacOSX.platform/Developer/SDKs/MacOSX10.10.sdk   -o CMakeFiles/cmTryCompileExec2965854167.dir/src.c.o   -c /Users/ewart/Desktop/vli/build/CMakeFiles/CMakeTmp/src.c
clang: error: no such file or directory: '+Oopenmp'
make[1]: *** [CMakeFiles/cmTryCompileExec2965854167.dir/src.c.o] Error 1
make: *** [cmTryCompileExec2965854167/fast] Error 2

Source file was:

#include <omp.h>
int main() {
#ifdef _OPENMP
  return 0;
#else
  breaks_on_purpose
#endif
}

Performing C SOURCE FILE Test OpenMP_FLAG_DETECTED failed with the following output:
Change Dir: /Users/ewart/Desktop/vli/build/CMakeFiles/CMakeTmp

Run Build Command:/usr/bin/make "cmTryCompileExec1269968034/fast"
/Applications/Xcode.app/Contents/Developer/usr/bin/make -f CMakeFiles/cmTryCompileExec1269968034.dir/build.make CMakeFiles/cmTryCompileExec1269968034.dir/build
/usr/local/cmake/2.8.12/bin/cmake -E cmake_progress_report /Users/ewart/Desktop/vli/build/CMakeFiles/CMakeTmp/CMakeFiles 1
Building C object CMakeFiles/cmTryCompileExec1269968034.dir/src.c.o
/usr/bin/cc   -DOpenMP_FLAG_DETECTED -qsmp -isysroot /Applications/Xcode.app/Contents/Developer/Platforms/MacOSX.platform/Developer/SDKs/MacOSX10.10.sdk   -o CMakeFiles/cmTryCompileExec1269968034.dir/src.c.o   -c /Users/ewart/Desktop/vli/build/CMakeFiles/CMakeTmp/src.c
clang: error: unknown argument: '-qsmp'
make[1]: *** [CMakeFiles/cmTryCompileExec1269968034.dir/src.c.o] Error 1
make: *** [cmTryCompileExec1269968034/fast] Error 2

Source file was:

#include <omp.h>
int main() {
#ifdef _OPENMP
  return 0;
#else
  breaks_on_purpose
#endif
}

Performing C SOURCE FILE Test OpenMP_FLAG_DETECTED failed with the following output:
Change Dir: /Users/ewart/Desktop/vli/build/CMakeFiles/CMakeTmp

Run Build Command:/usr/bin/make "cmTryCompileExec1680450541/fast"
/Applications/Xcode.app/Contents/Developer/usr/bin/make -f CMakeFiles/cmTryCompileExec1680450541.dir/build.make CMakeFiles/cmTryCompileExec1680450541.dir/build
/usr/local/cmake/2.8.12/bin/cmake -E cmake_progress_report /Users/ewart/Desktop/vli/build/CMakeFiles/CMakeTmp/CMakeFiles 1
Building C object CMakeFiles/cmTryCompileExec1680450541.dir/src.c.o
/usr/bin/cc   -DOpenMP_FLAG_DETECTED -mp -isysroot /Applications/Xcode.app/Contents/Developer/Platforms/MacOSX.platform/Developer/SDKs/MacOSX10.10.sdk   -o CMakeFiles/cmTryCompileExec1680450541.dir/src.c.o   -c /Users/ewart/Desktop/vli/build/CMakeFiles/CMakeTmp/src.c
clang: error: unknown argument: '-mp'
make[1]: *** [CMakeFiles/cmTryCompileExec1680450541.dir/src.c.o] Error 1
make: *** [cmTryCompileExec1680450541/fast] Error 2

Source file was:

#include <omp.h>
int main() {
#ifdef _OPENMP
  return 0;
#else
  breaks_on_purpose
#endif
}

Performing C++ SOURCE FILE Test OpenMP_FLAG_DETECTED failed with the following output:
Change Dir: /Users/ewart/Desktop/vli/build/CMakeFiles/CMakeTmp

Run Build Command:/usr/bin/make "cmTryCompileExec1862774268/fast"
/Applications/Xcode.app/Contents/Developer/usr/bin/make -f CMakeFiles/cmTryCompileExec1862774268.dir/build.make CMakeFiles/cmTryCompileExec1862774268.dir/build
/usr/local/cmake/2.8.12/bin/cmake -E cmake_progress_report /Users/ewart/Desktop/vli/build/CMakeFiles/CMakeTmp/CMakeFiles 1
Building CXX object CMakeFiles/cmTryCompileExec1862774268.dir/src.cxx.o
/usr/bin/c++    -DOpenMP_FLAG_DETECTED -isysroot /Applications/Xcode.app/Contents/Developer/Platforms/MacOSX.platform/Developer/SDKs/MacOSX10.10.sdk   -o CMakeFiles/cmTryCompileExec1862774268.dir/src.cxx.o -c /Users/ewart/Desktop/vli/build/CMakeFiles/CMakeTmp/src.cxx
/Users/ewart/Desktop/vli/build/CMakeFiles/CMakeTmp/src.cxx:2:10: fatal error: 'omp.h' file not found
#include <omp.h>
         ^
1 error generated.
make[1]: *** [CMakeFiles/cmTryCompileExec1862774268.dir/src.cxx.o] Error 1
make: *** [cmTryCompileExec1862774268/fast] Error 2

Source file was:

#include <omp.h>
int main() {
#ifdef _OPENMP
  return 0;
#else
  breaks_on_purpose
#endif
}

Performing C++ SOURCE FILE Test OpenMP_FLAG_DETECTED failed with the following output:
Change Dir: /Users/ewart/Desktop/vli/build/CMakeFiles/CMakeTmp

Run Build Command:/usr/bin/make "cmTryCompileExec1173403911/fast"
/Applications/Xcode.app/Contents/Developer/usr/bin/make -f CMakeFiles/cmTryCompileExec1173403911.dir/build.make CMakeFiles/cmTryCompileExec1173403911.dir/build
/usr/local/cmake/2.8.12/bin/cmake -E cmake_progress_report /Users/ewart/Desktop/vli/build/CMakeFiles/CMakeTmp/CMakeFiles 1
Building CXX object CMakeFiles/cmTryCompileExec1173403911.dir/src.cxx.o
/usr/bin/c++    -DOpenMP_FLAG_DETECTED -fopenmp -isysroot /Applications/Xcode.app/Contents/Developer/Platforms/MacOSX.platform/Developer/SDKs/MacOSX10.10.sdk   -o CMakeFiles/cmTryCompileExec1173403911.dir/src.cxx.o -c /Users/ewart/Desktop/vli/build/CMakeFiles/CMakeTmp/src.cxx
clang: warning: argument unused during compilation: '-fopenmp'
/Users/ewart/Desktop/vli/build/CMakeFiles/CMakeTmp/src.cxx:2:10: fatal error: 'omp.h' file not found
#include <omp.h>
         ^
1 error generated.
make[1]: *** [CMakeFiles/cmTryCompileExec1173403911.dir/src.cxx.o] Error 1
make: *** [cmTryCompileExec1173403911/fast] Error 2

Source file was:

#include <omp.h>
int main() {
#ifdef _OPENMP
  return 0;
#else
  breaks_on_purpose
#endif
}

Performing C++ SOURCE FILE Test OpenMP_FLAG_DETECTED failed with the following output:
Change Dir: /Users/ewart/Desktop/vli/build/CMakeFiles/CMakeTmp

Run Build Command:/usr/bin/make "cmTryCompileExec1198459524/fast"
/Applications/Xcode.app/Contents/Developer/usr/bin/make -f CMakeFiles/cmTryCompileExec1198459524.dir/build.make CMakeFiles/cmTryCompileExec1198459524.dir/build
/usr/local/cmake/2.8.12/bin/cmake -E cmake_progress_report /Users/ewart/Desktop/vli/build/CMakeFiles/CMakeTmp/CMakeFiles 1
Building CXX object CMakeFiles/cmTryCompileExec1198459524.dir/src.cxx.o
/usr/bin/c++    -DOpenMP_FLAG_DETECTED /openmp -isysroot /Applications/Xcode.app/Contents/Developer/Platforms/MacOSX.platform/Developer/SDKs/MacOSX10.10.sdk   -o CMakeFiles/cmTryCompileExec1198459524.dir/src.cxx.o -c /Users/ewart/Desktop/vli/build/CMakeFiles/CMakeTmp/src.cxx
clang: error: no such file or directory: '/openmp'
make[1]: *** [CMakeFiles/cmTryCompileExec1198459524.dir/src.cxx.o] Error 1
make: *** [cmTryCompileExec1198459524/fast] Error 2

Source file was:

#include <omp.h>
int main() {
#ifdef _OPENMP
  return 0;
#else
  breaks_on_purpose
#endif
}

Performing C++ SOURCE FILE Test OpenMP_FLAG_DETECTED failed with the following output:
Change Dir: /Users/ewart/Desktop/vli/build/CMakeFiles/CMakeTmp

Run Build Command:/usr/bin/make "cmTryCompileExec1315646235/fast"
/Applications/Xcode.app/Contents/Developer/usr/bin/make -f CMakeFiles/cmTryCompileExec1315646235.dir/build.make CMakeFiles/cmTryCompileExec1315646235.dir/build
/usr/local/cmake/2.8.12/bin/cmake -E cmake_progress_report /Users/ewart/Desktop/vli/build/CMakeFiles/CMakeTmp/CMakeFiles 1
Building CXX object CMakeFiles/cmTryCompileExec1315646235.dir/src.cxx.o
/usr/bin/c++    -DOpenMP_FLAG_DETECTED -Qopenmp -isysroot /Applications/Xcode.app/Contents/Developer/Platforms/MacOSX.platform/Developer/SDKs/MacOSX10.10.sdk   -o CMakeFiles/cmTryCompileExec1315646235.dir/src.cxx.o -c /Users/ewart/Desktop/vli/build/CMakeFiles/CMakeTmp/src.cxx
clang: error: unknown argument: '-Qopenmp'
make[1]: *** [CMakeFiles/cmTryCompileExec1315646235.dir/src.cxx.o] Error 1
make: *** [cmTryCompileExec1315646235/fast] Error 2

Source file was:

#include <omp.h>
int main() {
#ifdef _OPENMP
  return 0;
#else
  breaks_on_purpose
#endif
}

Performing C++ SOURCE FILE Test OpenMP_FLAG_DETECTED failed with the following output:
Change Dir: /Users/ewart/Desktop/vli/build/CMakeFiles/CMakeTmp

Run Build Command:/usr/bin/make "cmTryCompileExec896209710/fast"
/Applications/Xcode.app/Contents/Developer/usr/bin/make -f CMakeFiles/cmTryCompileExec896209710.dir/build.make CMakeFiles/cmTryCompileExec896209710.dir/build
/usr/local/cmake/2.8.12/bin/cmake -E cmake_progress_report /Users/ewart/Desktop/vli/build/CMakeFiles/CMakeTmp/CMakeFiles 1
Building CXX object CMakeFiles/cmTryCompileExec896209710.dir/src.cxx.o
/usr/bin/c++    -DOpenMP_FLAG_DETECTED -openmp -isysroot /Applications/Xcode.app/Contents/Developer/Platforms/MacOSX.platform/Developer/SDKs/MacOSX10.10.sdk   -o CMakeFiles/cmTryCompileExec896209710.dir/src.cxx.o -c /Users/ewart/Desktop/vli/build/CMakeFiles/CMakeTmp/src.cxx
/Users/ewart/Desktop/vli/build/CMakeFiles/CMakeTmp/src.cxx:2:10: fatal error: 'omp.h' file not found
#include <omp.h>
         ^
1 error generated.
make[1]: *** [CMakeFiles/cmTryCompileExec896209710.dir/src.cxx.o] Error 1
make: *** [cmTryCompileExec896209710/fast] Error 2

Source file was:

#include <omp.h>
int main() {
#ifdef _OPENMP
  return 0;
#else
  breaks_on_purpose
#endif
}

Performing C++ SOURCE FILE Test OpenMP_FLAG_DETECTED failed with the following output:
Change Dir: /Users/ewart/Desktop/vli/build/CMakeFiles/CMakeTmp

Run Build Command:/usr/bin/make "cmTryCompileExec1434141313/fast"
/Applications/Xcode.app/Contents/Developer/usr/bin/make -f CMakeFiles/cmTryCompileExec1434141313.dir/build.make CMakeFiles/cmTryCompileExec1434141313.dir/build
/usr/local/cmake/2.8.12/bin/cmake -E cmake_progress_report /Users/ewart/Desktop/vli/build/CMakeFiles/CMakeTmp/CMakeFiles 1
Building CXX object CMakeFiles/cmTryCompileExec1434141313.dir/src.cxx.o
/usr/bin/c++    -DOpenMP_FLAG_DETECTED -xopenmp -isysroot /Applications/Xcode.app/Contents/Developer/Platforms/MacOSX.platform/Developer/SDKs/MacOSX10.10.sdk   -o CMakeFiles/cmTryCompileExec1434141313.dir/src.cxx.o -c /Users/ewart/Desktop/vli/build/CMakeFiles/CMakeTmp/src.cxx
clang: error: language not recognized: 'openmp'
clang: warning: /Users/ewart/Desktop/vli/build/CMakeFiles/CMakeTmp/src.cxx: 'linker' input unused
make[1]: *** [CMakeFiles/cmTryCompileExec1434141313.dir/src.cxx.o] Error 1
make: *** [cmTryCompileExec1434141313/fast] Error 2

Source file was:

#include <omp.h>
int main() {
#ifdef _OPENMP
  return 0;
#else
  breaks_on_purpose
#endif
}

Performing C++ SOURCE FILE Test OpenMP_FLAG_DETECTED failed with the following output:
Change Dir: /Users/ewart/Desktop/vli/build/CMakeFiles/CMakeTmp

Run Build Command:/usr/bin/make "cmTryCompileExec3099115894/fast"
/Applications/Xcode.app/Contents/Developer/usr/bin/make -f CMakeFiles/cmTryCompileExec3099115894.dir/build.make CMakeFiles/cmTryCompileExec3099115894.dir/build
/usr/local/cmake/2.8.12/bin/cmake -E cmake_progress_report /Users/ewart/Desktop/vli/build/CMakeFiles/CMakeTmp/CMakeFiles 1
Building CXX object CMakeFiles/cmTryCompileExec3099115894.dir/src.cxx.o
/usr/bin/c++    -DOpenMP_FLAG_DETECTED +Oopenmp -isysroot /Applications/Xcode.app/Contents/Developer/Platforms/MacOSX.platform/Developer/SDKs/MacOSX10.10.sdk   -o CMakeFiles/cmTryCompileExec3099115894.dir/src.cxx.o -c /Users/ewart/Desktop/vli/build/CMakeFiles/CMakeTmp/src.cxx
clang: error: no such file or directory: '+Oopenmp'
make[1]: *** [CMakeFiles/cmTryCompileExec3099115894.dir/src.cxx.o] Error 1
make: *** [cmTryCompileExec3099115894/fast] Error 2

Source file was:

#include <omp.h>
int main() {
#ifdef _OPENMP
  return 0;
#else
  breaks_on_purpose
#endif
}

Performing C++ SOURCE FILE Test OpenMP_FLAG_DETECTED failed with the following output:
Change Dir: /Users/ewart/Desktop/vli/build/CMakeFiles/CMakeTmp

Run Build Command:/usr/bin/make "cmTryCompileExec3230866954/fast"
/Applications/Xcode.app/Contents/Developer/usr/bin/make -f CMakeFiles/cmTryCompileExec3230866954.dir/build.make CMakeFiles/cmTryCompileExec3230866954.dir/build
/usr/local/cmake/2.8.12/bin/cmake -E cmake_progress_report /Users/ewart/Desktop/vli/build/CMakeFiles/CMakeTmp/CMakeFiles 1
Building CXX object CMakeFiles/cmTryCompileExec3230866954.dir/src.cxx.o
/usr/bin/c++    -DOpenMP_FLAG_DETECTED -qsmp -isysroot /Applications/Xcode.app/Contents/Developer/Platforms/MacOSX.platform/Developer/SDKs/MacOSX10.10.sdk   -o CMakeFiles/cmTryCompileExec3230866954.dir/src.cxx.o -c /Users/ewart/Desktop/vli/build/CMakeFiles/CMakeTmp/src.cxx
clang: error: unknown argument: '-qsmp'
make[1]: *** [CMakeFiles/cmTryCompileExec3230866954.dir/src.cxx.o] Error 1
make: *** [cmTryCompileExec3230866954/fast] Error 2

Source file was:

#include <omp.h>
int main() {
#ifdef _OPENMP
  return 0;
#else
  breaks_on_purpose
#endif
}

Performing C++ SOURCE FILE Test OpenMP_FLAG_DETECTED failed with the following output:
Change Dir: /Users/ewart/Desktop/vli/build/CMakeFiles/CMakeTmp

Run Build Command:/usr/bin/make "cmTryCompileExec1008702762/fast"
/Applications/Xcode.app/Contents/Developer/usr/bin/make -f CMakeFiles/cmTryCompileExec1008702762.dir/build.make CMakeFiles/cmTryCompileExec1008702762.dir/build
/usr/local/cmake/2.8.12/bin/cmake -E cmake_progress_report /Users/ewart/Desktop/vli/build/CMakeFiles/CMakeTmp/CMakeFiles 1
Building CXX object CMakeFiles/cmTryCompileExec1008702762.dir/src.cxx.o
/usr/bin/c++    -DOpenMP_FLAG_DETECTED -mp -isysroot /Applications/Xcode.app/Contents/Developer/Platforms/MacOSX.platform/Developer/SDKs/MacOSX10.10.sdk   -o CMakeFiles/cmTryCompileExec1008702762.dir/src.cxx.o -c /Users/ewart/Desktop/vli/build/CMakeFiles/CMakeTmp/src.cxx
clang: error: unknown argument: '-mp'
make[1]: *** [CMakeFiles/cmTryCompileExec1008702762.dir/src.cxx.o] Error 1
make: *** [cmTryCompileExec1008702762/fast] Error 2

Source file was:

#include <omp.h>
int main() {
#ifdef _OPENMP
  return 0;
#else
  breaks_on_purpose
#endif
}

Performing C SOURCE FILE Test OpenMP_FLAG_DETECTED failed with the following output:
Change Dir: /Users/ewart/Desktop/vli/build/CMakeFiles/CMakeTmp

Run Build Command:/usr/bin/make "cmTryCompileExec3165691995/fast"
/Applications/Xcode.app/Contents/Developer/usr/bin/make -f CMakeFiles/cmTryCompileExec3165691995.dir/build.make CMakeFiles/cmTryCompileExec3165691995.dir/build
/usr/local/cmake/2.8.12/bin/cmake -E cmake_progress_report /Users/ewart/Desktop/vli/build/CMakeFiles/CMakeTmp/CMakeFiles 1
Building C object CMakeFiles/cmTryCompileExec3165691995.dir/src.c.o
/usr/bin/cc   -DOpenMP_FLAG_DETECTED -isysroot /Applications/Xcode.app/Contents/Developer/Platforms/MacOSX.platform/Developer/SDKs/MacOSX10.10.sdk   -o CMakeFiles/cmTryCompileExec3165691995.dir/src.c.o   -c /Users/ewart/Desktop/vli/build/CMakeFiles/CMakeTmp/src.c
/Users/ewart/Desktop/vli/build/CMakeFiles/CMakeTmp/src.c:2:10: fatal error: 'omp.h' file not found
#include <omp.h>
         ^
1 error generated.
make[2]: *** [CMakeFiles/cmTryCompileExec3165691995.dir/src.c.o] Error 1
make[1]: *** [cmTryCompileExec3165691995/fast] Error 2

Source file was:

#include <omp.h>
int main() {
#ifdef _OPENMP
  return 0;
#else
  breaks_on_purpose
#endif
}

Performing C SOURCE FILE Test OpenMP_FLAG_DETECTED failed with the following output:
Change Dir: /Users/ewart/Desktop/vli/build/CMakeFiles/CMakeTmp

Run Build Command:/usr/bin/make "cmTryCompileExec1624172459/fast"
/Applications/Xcode.app/Contents/Developer/usr/bin/make -f CMakeFiles/cmTryCompileExec1624172459.dir/build.make CMakeFiles/cmTryCompileExec1624172459.dir/build
/usr/local/cmake/2.8.12/bin/cmake -E cmake_progress_report /Users/ewart/Desktop/vli/build/CMakeFiles/CMakeTmp/CMakeFiles 1
Building C object CMakeFiles/cmTryCompileExec1624172459.dir/src.c.o
/usr/bin/cc   -DOpenMP_FLAG_DETECTED -fopenmp -isysroot /Applications/Xcode.app/Contents/Developer/Platforms/MacOSX.platform/Developer/SDKs/MacOSX10.10.sdk   -o CMakeFiles/cmTryCompileExec1624172459.dir/src.c.o   -c /Users/ewart/Desktop/vli/build/CMakeFiles/CMakeTmp/src.c
clang: warning: argument unused during compilation: '-fopenmp'
/Users/ewart/Desktop/vli/build/CMakeFiles/CMakeTmp/src.c:2:10: fatal error: 'omp.h' file not found
#include <omp.h>
         ^
1 error generated.
make[2]: *** [CMakeFiles/cmTryCompileExec1624172459.dir/src.c.o] Error 1
make[1]: *** [cmTryCompileExec1624172459/fast] Error 2

Source file was:

#include <omp.h>
int main() {
#ifdef _OPENMP
  return 0;
#else
  breaks_on_purpose
#endif
}

Performing C SOURCE FILE Test OpenMP_FLAG_DETECTED failed with the following output:
Change Dir: /Users/ewart/Desktop/vli/build/CMakeFiles/CMakeTmp

Run Build Command:/usr/bin/make "cmTryCompileExec1550578335/fast"
/Applications/Xcode.app/Contents/Developer/usr/bin/make -f CMakeFiles/cmTryCompileExec1550578335.dir/build.make CMakeFiles/cmTryCompileExec1550578335.dir/build
/usr/local/cmake/2.8.12/bin/cmake -E cmake_progress_report /Users/ewart/Desktop/vli/build/CMakeFiles/CMakeTmp/CMakeFiles 1
Building C object CMakeFiles/cmTryCompileExec1550578335.dir/src.c.o
/usr/bin/cc   -DOpenMP_FLAG_DETECTED /openmp -isysroot /Applications/Xcode.app/Contents/Developer/Platforms/MacOSX.platform/Developer/SDKs/MacOSX10.10.sdk   -o CMakeFiles/cmTryCompileExec1550578335.dir/src.c.o   -c /Users/ewart/Desktop/vli/build/CMakeFiles/CMakeTmp/src.c
clang: error: no such file or directory: '/openmp'
make[2]: *** [CMakeFiles/cmTryCompileExec1550578335.dir/src.c.o] Error 1
make[1]: *** [cmTryCompileExec1550578335/fast] Error 2

Source file was:

#include <omp.h>
int main() {
#ifdef _OPENMP
  return 0;
#else
  breaks_on_purpose
#endif
}

Performing C SOURCE FILE Test OpenMP_FLAG_DETECTED failed with the following output:
Change Dir: /Users/ewart/Desktop/vli/build/CMakeFiles/CMakeTmp

Run Build Command:/usr/bin/make "cmTryCompileExec2228804311/fast"
/Applications/Xcode.app/Contents/Developer/usr/bin/make -f CMakeFiles/cmTryCompileExec2228804311.dir/build.make CMakeFiles/cmTryCompileExec2228804311.dir/build
/usr/local/cmake/2.8.12/bin/cmake -E cmake_progress_report /Users/ewart/Desktop/vli/build/CMakeFiles/CMakeTmp/CMakeFiles 1
Building C object CMakeFiles/cmTryCompileExec2228804311.dir/src.c.o
/usr/bin/cc   -DOpenMP_FLAG_DETECTED -Qopenmp -isysroot /Applications/Xcode.app/Contents/Developer/Platforms/MacOSX.platform/Developer/SDKs/MacOSX10.10.sdk   -o CMakeFiles/cmTryCompileExec2228804311.dir/src.c.o   -c /Users/ewart/Desktop/vli/build/CMakeFiles/CMakeTmp/src.c
clang: error: unknown argument: '-Qopenmp'
make[2]: *** [CMakeFiles/cmTryCompileExec2228804311.dir/src.c.o] Error 1
make[1]: *** [cmTryCompileExec2228804311/fast] Error 2

Source file was:

#include <omp.h>
int main() {
#ifdef _OPENMP
  return 0;
#else
  breaks_on_purpose
#endif
}

Performing C SOURCE FILE Test OpenMP_FLAG_DETECTED failed with the following output:
Change Dir: /Users/ewart/Desktop/vli/build/CMakeFiles/CMakeTmp

Run Build Command:/usr/bin/make "cmTryCompileExec3992341383/fast"
/Applications/Xcode.app/Contents/Developer/usr/bin/make -f CMakeFiles/cmTryCompileExec3992341383.dir/build.make CMakeFiles/cmTryCompileExec3992341383.dir/build
/usr/local/cmake/2.8.12/bin/cmake -E cmake_progress_report /Users/ewart/Desktop/vli/build/CMakeFiles/CMakeTmp/CMakeFiles 1
Building C object CMakeFiles/cmTryCompileExec3992341383.dir/src.c.o
/usr/bin/cc   -DOpenMP_FLAG_DETECTED -openmp -isysroot /Applications/Xcode.app/Contents/Developer/Platforms/MacOSX.platform/Developer/SDKs/MacOSX10.10.sdk   -o CMakeFiles/cmTryCompileExec3992341383.dir/src.c.o   -c /Users/ewart/Desktop/vli/build/CMakeFiles/CMakeTmp/src.c
/Users/ewart/Desktop/vli/build/CMakeFiles/CMakeTmp/src.c:2:10: fatal error: 'omp.h' file not found
#include <omp.h>
         ^
1 error generated.
make[2]: *** [CMakeFiles/cmTryCompileExec3992341383.dir/src.c.o] Error 1
make[1]: *** [cmTryCompileExec3992341383/fast] Error 2

Source file was:

#include <omp.h>
int main() {
#ifdef _OPENMP
  return 0;
#else
  breaks_on_purpose
#endif
}

Performing C SOURCE FILE Test OpenMP_FLAG_DETECTED failed with the following output:
Change Dir: /Users/ewart/Desktop/vli/build/CMakeFiles/CMakeTmp

Run Build Command:/usr/bin/make "cmTryCompileExec2614579854/fast"
/Applications/Xcode.app/Contents/Developer/usr/bin/make -f CMakeFiles/cmTryCompileExec2614579854.dir/build.make CMakeFiles/cmTryCompileExec2614579854.dir/build
/usr/local/cmake/2.8.12/bin/cmake -E cmake_progress_report /Users/ewart/Desktop/vli/build/CMakeFiles/CMakeTmp/CMakeFiles 1
Building C object CMakeFiles/cmTryCompileExec2614579854.dir/src.c.o
/usr/bin/cc   -DOpenMP_FLAG_DETECTED -xopenmp -isysroot /Applications/Xcode.app/Contents/Developer/Platforms/MacOSX.platform/Developer/SDKs/MacOSX10.10.sdk   -o CMakeFiles/cmTryCompileExec2614579854.dir/src.c.o   -c /Users/ewart/Desktop/vli/build/CMakeFiles/CMakeTmp/src.c
clang: error: language not recognized: 'openmp'
clang: warning: /Users/ewart/Desktop/vli/build/CMakeFiles/CMakeTmp/src.c: 'linker' input unused
make[2]: *** [CMakeFiles/cmTryCompileExec2614579854.dir/src.c.o] Error 1
make[1]: *** [cmTryCompileExec2614579854/fast] Error 2

Source file was:

#include <omp.h>
int main() {
#ifdef _OPENMP
  return 0;
#else
  breaks_on_purpose
#endif
}

Performing C SOURCE FILE Test OpenMP_FLAG_DETECTED failed with the following output:
Change Dir: /Users/ewart/Desktop/vli/build/CMakeFiles/CMakeTmp

Run Build Command:/usr/bin/make "cmTryCompileExec1832080512/fast"
/Applications/Xcode.app/Contents/Developer/usr/bin/make -f CMakeFiles/cmTryCompileExec1832080512.dir/build.make CMakeFiles/cmTryCompileExec1832080512.dir/build
/usr/local/cmake/2.8.12/bin/cmake -E cmake_progress_report /Users/ewart/Desktop/vli/build/CMakeFiles/CMakeTmp/CMakeFiles 1
Building C object CMakeFiles/cmTryCompileExec1832080512.dir/src.c.o
/usr/bin/cc   -DOpenMP_FLAG_DETECTED +Oopenmp -isysroot /Applications/Xcode.app/Contents/Developer/Platforms/MacOSX.platform/Developer/SDKs/MacOSX10.10.sdk   -o CMakeFiles/cmTryCompileExec1832080512.dir/src.c.o   -c /Users/ewart/Desktop/vli/build/CMakeFiles/CMakeTmp/src.c
clang: error: no such file or directory: '+Oopenmp'
make[2]: *** [CMakeFiles/cmTryCompileExec1832080512.dir/src.c.o] Error 1
make[1]: *** [cmTryCompileExec1832080512/fast] Error 2

Source file was:

#include <omp.h>
int main() {
#ifdef _OPENMP
  return 0;
#else
  breaks_on_purpose
#endif
}

Performing C SOURCE FILE Test OpenMP_FLAG_DETECTED failed with the following output:
Change Dir: /Users/ewart/Desktop/vli/build/CMakeFiles/CMakeTmp

Run Build Command:/usr/bin/make "cmTryCompileExec2419079011/fast"
/Applications/Xcode.app/Contents/Developer/usr/bin/make -f CMakeFiles/cmTryCompileExec2419079011.dir/build.make CMakeFiles/cmTryCompileExec2419079011.dir/build
/usr/local/cmake/2.8.12/bin/cmake -E cmake_progress_report /Users/ewart/Desktop/vli/build/CMakeFiles/CMakeTmp/CMakeFiles 1
Building C object CMakeFiles/cmTryCompileExec2419079011.dir/src.c.o
/usr/bin/cc   -DOpenMP_FLAG_DETECTED -qsmp -isysroot /Applications/Xcode.app/Contents/Developer/Platforms/MacOSX.platform/Developer/SDKs/MacOSX10.10.sdk   -o CMakeFiles/cmTryCompileExec2419079011.dir/src.c.o   -c /Users/ewart/Desktop/vli/build/CMakeFiles/CMakeTmp/src.c
clang: error: unknown argument: '-qsmp'
make[2]: *** [CMakeFiles/cmTryCompileExec2419079011.dir/src.c.o] Error 1
make[1]: *** [cmTryCompileExec2419079011/fast] Error 2

Source file was:

#include <omp.h>
int main() {
#ifdef _OPENMP
  return 0;
#else
  breaks_on_purpose
#endif
}

Performing C SOURCE FILE Test OpenMP_FLAG_DETECTED failed with the following output:
Change Dir: /Users/ewart/Desktop/vli/build/CMakeFiles/CMakeTmp

Run Build Command:/usr/bin/make "cmTryCompileExec1993953356/fast"
/Applications/Xcode.app/Contents/Developer/usr/bin/make -f CMakeFiles/cmTryCompileExec1993953356.dir/build.make CMakeFiles/cmTryCompileExec1993953356.dir/build
/usr/local/cmake/2.8.12/bin/cmake -E cmake_progress_report /Users/ewart/Desktop/vli/build/CMakeFiles/CMakeTmp/CMakeFiles 1
Building C object CMakeFiles/cmTryCompileExec1993953356.dir/src.c.o
/usr/bin/cc   -DOpenMP_FLAG_DETECTED -mp -isysroot /Applications/Xcode.app/Contents/Developer/Platforms/MacOSX.platform/Developer/SDKs/MacOSX10.10.sdk   -o CMakeFiles/cmTryCompileExec1993953356.dir/src.c.o   -c /Users/ewart/Desktop/vli/build/CMakeFiles/CMakeTmp/src.c
clang: error: unknown argument: '-mp'
make[2]: *** [CMakeFiles/cmTryCompileExec1993953356.dir/src.c.o] Error 1
make[1]: *** [cmTryCompileExec1993953356/fast] Error 2

Source file was:

#include <omp.h>
int main() {
#ifdef _OPENMP
  return 0;
#else
  breaks_on_purpose
#endif
}

Performing C++ SOURCE FILE Test OpenMP_FLAG_DETECTED failed with the following output:
Change Dir: /Users/ewart/Desktop/vli/build/CMakeFiles/CMakeTmp

Run Build Command:/usr/bin/make "cmTryCompileExec111121097/fast"
/Applications/Xcode.app/Contents/Developer/usr/bin/make -f CMakeFiles/cmTryCompileExec111121097.dir/build.make CMakeFiles/cmTryCompileExec111121097.dir/build
/usr/local/cmake/2.8.12/bin/cmake -E cmake_progress_report /Users/ewart/Desktop/vli/build/CMakeFiles/CMakeTmp/CMakeFiles 1
Building CXX object CMakeFiles/cmTryCompileExec111121097.dir/src.cxx.o
/usr/bin/c++    -DOpenMP_FLAG_DETECTED -isysroot /Applications/Xcode.app/Contents/Developer/Platforms/MacOSX.platform/Developer/SDKs/MacOSX10.10.sdk   -o CMakeFiles/cmTryCompileExec111121097.dir/src.cxx.o -c /Users/ewart/Desktop/vli/build/CMakeFiles/CMakeTmp/src.cxx
/Users/ewart/Desktop/vli/build/CMakeFiles/CMakeTmp/src.cxx:2:10: fatal error: 'omp.h' file not found
#include <omp.h>
         ^
1 error generated.
make[2]: *** [CMakeFiles/cmTryCompileExec111121097.dir/src.cxx.o] Error 1
make[1]: *** [cmTryCompileExec111121097/fast] Error 2

Source file was:

#include <omp.h>
int main() {
#ifdef _OPENMP
  return 0;
#else
  breaks_on_purpose
#endif
}

Performing C++ SOURCE FILE Test OpenMP_FLAG_DETECTED failed with the following output:
Change Dir: /Users/ewart/Desktop/vli/build/CMakeFiles/CMakeTmp

Run Build Command:/usr/bin/make "cmTryCompileExec1494908743/fast"
/Applications/Xcode.app/Contents/Developer/usr/bin/make -f CMakeFiles/cmTryCompileExec1494908743.dir/build.make CMakeFiles/cmTryCompileExec1494908743.dir/build
/usr/local/cmake/2.8.12/bin/cmake -E cmake_progress_report /Users/ewart/Desktop/vli/build/CMakeFiles/CMakeTmp/CMakeFiles 1
Building CXX object CMakeFiles/cmTryCompileExec1494908743.dir/src.cxx.o
/usr/bin/c++    -DOpenMP_FLAG_DETECTED -fopenmp -isysroot /Applications/Xcode.app/Contents/Developer/Platforms/MacOSX.platform/Developer/SDKs/MacOSX10.10.sdk   -o CMakeFiles/cmTryCompileExec1494908743.dir/src.cxx.o -c /Users/ewart/Desktop/vli/build/CMakeFiles/CMakeTmp/src.cxx
clang: warning: argument unused during compilation: '-fopenmp'
/Users/ewart/Desktop/vli/build/CMakeFiles/CMakeTmp/src.cxx:2:10: fatal error: 'omp.h' file not found
#include <omp.h>
         ^
1 error generated.
make[2]: *** [CMakeFiles/cmTryCompileExec1494908743.dir/src.cxx.o] Error 1
make[1]: *** [cmTryCompileExec1494908743/fast] Error 2

Source file was:

#include <omp.h>
int main() {
#ifdef _OPENMP
  return 0;
#else
  breaks_on_purpose
#endif
}

Performing C++ SOURCE FILE Test OpenMP_FLAG_DETECTED failed with the following output:
Change Dir: /Users/ewart/Desktop/vli/build/CMakeFiles/CMakeTmp

Run Build Command:/usr/bin/make "cmTryCompileExec2719778169/fast"
/Applications/Xcode.app/Contents/Developer/usr/bin/make -f CMakeFiles/cmTryCompileExec2719778169.dir/build.make CMakeFiles/cmTryCompileExec2719778169.dir/build
/usr/local/cmake/2.8.12/bin/cmake -E cmake_progress_report /Users/ewart/Desktop/vli/build/CMakeFiles/CMakeTmp/CMakeFiles 1
Building CXX object CMakeFiles/cmTryCompileExec2719778169.dir/src.cxx.o
/usr/bin/c++    -DOpenMP_FLAG_DETECTED /openmp -isysroot /Applications/Xcode.app/Contents/Developer/Platforms/MacOSX.platform/Developer/SDKs/MacOSX10.10.sdk   -o CMakeFiles/cmTryCompileExec2719778169.dir/src.cxx.o -c /Users/ewart/Desktop/vli/build/CMakeFiles/CMakeTmp/src.cxx
clang: error: no such file or directory: '/openmp'
make[2]: *** [CMakeFiles/cmTryCompileExec2719778169.dir/src.cxx.o] Error 1
make[1]: *** [cmTryCompileExec2719778169/fast] Error 2

Source file was:

#include <omp.h>
int main() {
#ifdef _OPENMP
  return 0;
#else
  breaks_on_purpose
#endif
}

Performing C++ SOURCE FILE Test OpenMP_FLAG_DETECTED failed with the following output:
Change Dir: /Users/ewart/Desktop/vli/build/CMakeFiles/CMakeTmp

Run Build Command:/usr/bin/make "cmTryCompileExec377287248/fast"
/Applications/Xcode.app/Contents/Developer/usr/bin/make -f CMakeFiles/cmTryCompileExec377287248.dir/build.make CMakeFiles/cmTryCompileExec377287248.dir/build
/usr/local/cmake/2.8.12/bin/cmake -E cmake_progress_report /Users/ewart/Desktop/vli/build/CMakeFiles/CMakeTmp/CMakeFiles 1
Building CXX object CMakeFiles/cmTryCompileExec377287248.dir/src.cxx.o
/usr/bin/c++    -DOpenMP_FLAG_DETECTED -Qopenmp -isysroot /Applications/Xcode.app/Contents/Developer/Platforms/MacOSX.platform/Developer/SDKs/MacOSX10.10.sdk   -o CMakeFiles/cmTryCompileExec377287248.dir/src.cxx.o -c /Users/ewart/Desktop/vli/build/CMakeFiles/CMakeTmp/src.cxx
clang: error: unknown argument: '-Qopenmp'
make[2]: *** [CMakeFiles/cmTryCompileExec377287248.dir/src.cxx.o] Error 1
make[1]: *** [cmTryCompileExec377287248/fast] Error 2

Source file was:

#include <omp.h>
int main() {
#ifdef _OPENMP
  return 0;
#else
  breaks_on_purpose
#endif
}

Performing C++ SOURCE FILE Test OpenMP_FLAG_DETECTED failed with the following output:
Change Dir: /Users/ewart/Desktop/vli/build/CMakeFiles/CMakeTmp

Run Build Command:/usr/bin/make "cmTryCompileExec4209469110/fast"
/Applications/Xcode.app/Contents/Developer/usr/bin/make -f CMakeFiles/cmTryCompileExec4209469110.dir/build.make CMakeFiles/cmTryCompileExec4209469110.dir/build
/usr/local/cmake/2.8.12/bin/cmake -E cmake_progress_report /Users/ewart/Desktop/vli/build/CMakeFiles/CMakeTmp/CMakeFiles 1
Building CXX object CMakeFiles/cmTryCompileExec4209469110.dir/src.cxx.o
/usr/bin/c++    -DOpenMP_FLAG_DETECTED -openmp -isysroot /Applications/Xcode.app/Contents/Developer/Platforms/MacOSX.platform/Developer/SDKs/MacOSX10.10.sdk   -o CMakeFiles/cmTryCompileExec4209469110.dir/src.cxx.o -c /Users/ewart/Desktop/vli/build/CMakeFiles/CMakeTmp/src.cxx
/Users/ewart/Desktop/vli/build/CMakeFiles/CMakeTmp/src.cxx:2:10: fatal error: 'omp.h' file not found
#include <omp.h>
         ^
1 error generated.
make[2]: *** [CMakeFiles/cmTryCompileExec4209469110.dir/src.cxx.o] Error 1
make[1]: *** [cmTryCompileExec4209469110/fast] Error 2

Source file was:

#include <omp.h>
int main() {
#ifdef _OPENMP
  return 0;
#else
  breaks_on_purpose
#endif
}

Performing C++ SOURCE FILE Test OpenMP_FLAG_DETECTED failed with the following output:
Change Dir: /Users/ewart/Desktop/vli/build/CMakeFiles/CMakeTmp

Run Build Command:/usr/bin/make "cmTryCompileExec258911247/fast"
/Applications/Xcode.app/Contents/Developer/usr/bin/make -f CMakeFiles/cmTryCompileExec258911247.dir/build.make CMakeFiles/cmTryCompileExec258911247.dir/build
/usr/local/cmake/2.8.12/bin/cmake -E cmake_progress_report /Users/ewart/Desktop/vli/build/CMakeFiles/CMakeTmp/CMakeFiles 1
Building CXX object CMakeFiles/cmTryCompileExec258911247.dir/src.cxx.o
/usr/bin/c++    -DOpenMP_FLAG_DETECTED -xopenmp -isysroot /Applications/Xcode.app/Contents/Developer/Platforms/MacOSX.platform/Developer/SDKs/MacOSX10.10.sdk   -o CMakeFiles/cmTryCompileExec258911247.dir/src.cxx.o -c /Users/ewart/Desktop/vli/build/CMakeFiles/CMakeTmp/src.cxx
clang: error: language not recognized: 'openmp'
clang: warning: /Users/ewart/Desktop/vli/build/CMakeFiles/CMakeTmp/src.cxx: 'linker' input unused
make[2]: *** [CMakeFiles/cmTryCompileExec258911247.dir/src.cxx.o] Error 1
make[1]: *** [cmTryCompileExec258911247/fast] Error 2

Source file was:

#include <omp.h>
int main() {
#ifdef _OPENMP
  return 0;
#else
  breaks_on_purpose
#endif
}

Performing C++ SOURCE FILE Test OpenMP_FLAG_DETECTED failed with the following output:
Change Dir: /Users/ewart/Desktop/vli/build/CMakeFiles/CMakeTmp

Run Build Command:/usr/bin/make "cmTryCompileExec1027280041/fast"
/Applications/Xcode.app/Contents/Developer/usr/bin/make -f CMakeFiles/cmTryCompileExec1027280041.dir/build.make CMakeFiles/cmTryCompileExec1027280041.dir/build
/usr/local/cmake/2.8.12/bin/cmake -E cmake_progress_report /Users/ewart/Desktop/vli/build/CMakeFiles/CMakeTmp/CMakeFiles 1
Building CXX object CMakeFiles/cmTryCompileExec1027280041.dir/src.cxx.o
/usr/bin/c++    -DOpenMP_FLAG_DETECTED +Oopenmp -isysroot /Applications/Xcode.app/Contents/Developer/Platforms/MacOSX.platform/Developer/SDKs/MacOSX10.10.sdk   -o CMakeFiles/cmTryCompileExec1027280041.dir/src.cxx.o -c /Users/ewart/Desktop/vli/build/CMakeFiles/CMakeTmp/src.cxx
clang: error: no such file or directory: '+Oopenmp'
make[2]: *** [CMakeFiles/cmTryCompileExec1027280041.dir/src.cxx.o] Error 1
make[1]: *** [cmTryCompileExec1027280041/fast] Error 2

Source file was:

#include <omp.h>
int main() {
#ifdef _OPENMP
  return 0;
#else
  breaks_on_purpose
#endif
}

Performing C++ SOURCE FILE Test OpenMP_FLAG_DETECTED failed with the following output:
Change Dir: /Users/ewart/Desktop/vli/build/CMakeFiles/CMakeTmp

Run Build Command:/usr/bin/make "cmTryCompileExec1505714918/fast"
/Applications/Xcode.app/Contents/Developer/usr/bin/make -f CMakeFiles/cmTryCompileExec1505714918.dir/build.make CMakeFiles/cmTryCompileExec1505714918.dir/build
/usr/local/cmake/2.8.12/bin/cmake -E cmake_progress_report /Users/ewart/Desktop/vli/build/CMakeFiles/CMakeTmp/CMakeFiles 1
Building CXX object CMakeFiles/cmTryCompileExec1505714918.dir/src.cxx.o
/usr/bin/c++    -DOpenMP_FLAG_DETECTED -qsmp -isysroot /Applications/Xcode.app/Contents/Developer/Platforms/MacOSX.platform/Developer/SDKs/MacOSX10.10.sdk   -o CMakeFiles/cmTryCompileExec1505714918.dir/src.cxx.o -c /Users/ewart/Desktop/vli/build/CMakeFiles/CMakeTmp/src.cxx
clang: error: unknown argument: '-qsmp'
make[2]: *** [CMakeFiles/cmTryCompileExec1505714918.dir/src.cxx.o] Error 1
make[1]: *** [cmTryCompileExec1505714918/fast] Error 2

Source file was:

#include <omp.h>
int main() {
#ifdef _OPENMP
  return 0;
#else
  breaks_on_purpose
#endif
}

Performing C++ SOURCE FILE Test OpenMP_FLAG_DETECTED failed with the following output:
Change Dir: /Users/ewart/Desktop/vli/build/CMakeFiles/CMakeTmp

Run Build Command:/usr/bin/make "cmTryCompileExec1804444665/fast"
/Applications/Xcode.app/Contents/Developer/usr/bin/make -f CMakeFiles/cmTryCompileExec1804444665.dir/build.make CMakeFiles/cmTryCompileExec1804444665.dir/build
/usr/local/cmake/2.8.12/bin/cmake -E cmake_progress_report /Users/ewart/Desktop/vli/build/CMakeFiles/CMakeTmp/CMakeFiles 1
Building CXX object CMakeFiles/cmTryCompileExec1804444665.dir/src.cxx.o
/usr/bin/c++    -DOpenMP_FLAG_DETECTED -mp -isysroot /Applications/Xcode.app/Contents/Developer/Platforms/MacOSX.platform/Developer/SDKs/MacOSX10.10.sdk   -o CMakeFiles/cmTryCompileExec1804444665.dir/src.cxx.o -c /Users/ewart/Desktop/vli/build/CMakeFiles/CMakeTmp/src.cxx
clang: error: unknown argument: '-mp'
make[2]: *** [CMakeFiles/cmTryCompileExec1804444665.dir/src.cxx.o] Error 1
make[1]: *** [cmTryCompileExec1804444665/fast] Error 2

Source file was:

#include <omp.h>
int main() {
#ifdef _OPENMP
  return 0;
#else
  breaks_on_purpose
#endif
}

